{"C:\\projects\\react-mentoring-program\\src\\store\\actions\\movies.js": {"path":"C:\\projects\\react-mentoring-program\\src\\store\\actions\\movies.js","statementMap":{"0":{"start":{"line":1,"column":0},"end":{"line":1,"column":39}},"1":{"start":{"line":2,"column":0},"end":{"line":2,"column":55}},"2":{"start":{"line":3,"column":0},"end":{"line":3,"column":51}},"3":{"start":{"line":4,"column":0},"end":{"line":4,"column":37}},"4":{"start":{"line":5,"column":0},"end":{"line":5,"column":53}},"5":{"start":{"line":6,"column":0},"end":{"line":6,"column":49}},"6":{"start":{"line":7,"column":0},"end":{"line":7,"column":43}},"7":{"start":{"line":8,"column":0},"end":{"line":8,"column":59}},"8":{"start":{"line":9,"column":0},"end":{"line":9,"column":55}},"9":{"start":{"line":10,"column":0},"end":{"line":10,"column":43}},"10":{"start":{"line":11,"column":0},"end":{"line":11,"column":59}},"11":{"start":{"line":12,"column":0},"end":{"line":12,"column":55}},"12":{"start":{"line":13,"column":0},"end":{"line":13,"column":57}},"13":{"start":{"line":14,"column":0},"end":{"line":14,"column":41}},"14":{"start":{"line":15,"column":0},"end":{"line":15,"column":55}},"15":{"start":{"line":16,"column":0},"end":{"line":16,"column":0}},"16":{"start":{"line":17,"column":0},"end":{"line":17,"column":0}},"17":{"start":{"line":18,"column":0},"end":{"line":18,"column":38}},"18":{"start":{"line":19,"column":0},"end":{"line":19,"column":19}},"19":{"start":{"line":20,"column":0},"end":{"line":20,"column":8}},"20":{"start":{"line":21,"column":0},"end":{"line":21,"column":3}},"21":{"start":{"line":22,"column":0},"end":{"line":22,"column":0}},"22":{"start":{"line":23,"column":0},"end":{"line":23,"column":46}},"23":{"start":{"line":24,"column":0},"end":{"line":24,"column":27}},"24":{"start":{"line":25,"column":0},"end":{"line":25,"column":9}},"25":{"start":{"line":26,"column":0},"end":{"line":26,"column":3}},"26":{"start":{"line":27,"column":0},"end":{"line":27,"column":0}},"27":{"start":{"line":28,"column":0},"end":{"line":28,"column":43}},"28":{"start":{"line":29,"column":0},"end":{"line":29,"column":25}},"29":{"start":{"line":30,"column":0},"end":{"line":30,"column":8}},"30":{"start":{"line":31,"column":0},"end":{"line":31,"column":3}},"31":{"start":{"line":32,"column":0},"end":{"line":32,"column":0}},"32":{"start":{"line":33,"column":0},"end":{"line":33,"column":45}},"33":{"start":{"line":34,"column":0},"end":{"line":34,"column":28}},"34":{"start":{"line":35,"column":0},"end":{"line":35,"column":8}},"35":{"start":{"line":36,"column":0},"end":{"line":36,"column":3}},"36":{"start":{"line":37,"column":0},"end":{"line":37,"column":0}},"37":{"start":{"line":38,"column":0},"end":{"line":38,"column":37}},"38":{"start":{"line":39,"column":0},"end":{"line":39,"column":18}},"39":{"start":{"line":40,"column":0},"end":{"line":40,"column":8}},"40":{"start":{"line":41,"column":0},"end":{"line":41,"column":3}},"41":{"start":{"line":42,"column":0},"end":{"line":42,"column":0}},"42":{"start":{"line":43,"column":0},"end":{"line":43,"column":44}},"43":{"start":{"line":44,"column":0},"end":{"line":44,"column":26}},"44":{"start":{"line":45,"column":0},"end":{"line":45,"column":8}},"45":{"start":{"line":46,"column":0},"end":{"line":46,"column":3}},"46":{"start":{"line":47,"column":0},"end":{"line":47,"column":0}},"47":{"start":{"line":48,"column":0},"end":{"line":48,"column":42}},"48":{"start":{"line":49,"column":0},"end":{"line":49,"column":24}},"49":{"start":{"line":50,"column":0},"end":{"line":50,"column":8}},"50":{"start":{"line":51,"column":0},"end":{"line":51,"column":3}},"51":{"start":{"line":52,"column":0},"end":{"line":52,"column":0}},"52":{"start":{"line":53,"column":0},"end":{"line":53,"column":40}},"53":{"start":{"line":54,"column":0},"end":{"line":54,"column":21}},"54":{"start":{"line":55,"column":0},"end":{"line":55,"column":8}},"55":{"start":{"line":56,"column":0},"end":{"line":56,"column":3}},"56":{"start":{"line":57,"column":0},"end":{"line":57,"column":0}},"57":{"start":{"line":58,"column":0},"end":{"line":58,"column":47}},"58":{"start":{"line":59,"column":0},"end":{"line":59,"column":29}},"59":{"start":{"line":60,"column":0},"end":{"line":60,"column":8}},"60":{"start":{"line":61,"column":0},"end":{"line":61,"column":3}},"61":{"start":{"line":62,"column":0},"end":{"line":62,"column":0}},"62":{"start":{"line":63,"column":0},"end":{"line":63,"column":45}},"63":{"start":{"line":64,"column":0},"end":{"line":64,"column":27}},"64":{"start":{"line":65,"column":0},"end":{"line":65,"column":8}},"65":{"start":{"line":66,"column":0},"end":{"line":66,"column":3}},"66":{"start":{"line":67,"column":0},"end":{"line":67,"column":0}},"67":{"start":{"line":68,"column":0},"end":{"line":68,"column":42}},"68":{"start":{"line":69,"column":0},"end":{"line":69,"column":21}},"69":{"start":{"line":70,"column":0},"end":{"line":70,"column":10}},"70":{"start":{"line":71,"column":0},"end":{"line":71,"column":3}},"71":{"start":{"line":72,"column":0},"end":{"line":72,"column":0}},"72":{"start":{"line":73,"column":0},"end":{"line":73,"column":49}},"73":{"start":{"line":74,"column":0},"end":{"line":74,"column":29}},"74":{"start":{"line":75,"column":0},"end":{"line":75,"column":8}},"75":{"start":{"line":76,"column":0},"end":{"line":76,"column":3}},"76":{"start":{"line":77,"column":0},"end":{"line":77,"column":0}},"77":{"start":{"line":78,"column":0},"end":{"line":78,"column":45}},"78":{"start":{"line":79,"column":0},"end":{"line":79,"column":27}},"79":{"start":{"line":80,"column":0},"end":{"line":80,"column":8}},"80":{"start":{"line":81,"column":0},"end":{"line":81,"column":3}},"81":{"start":{"line":82,"column":0},"end":{"line":82,"column":0}},"82":{"start":{"line":83,"column":0},"end":{"line":83,"column":40}},"83":{"start":{"line":84,"column":0},"end":{"line":84,"column":20}},"84":{"start":{"line":85,"column":0},"end":{"line":85,"column":9}},"85":{"start":{"line":86,"column":0},"end":{"line":86,"column":3}},"86":{"start":{"line":87,"column":0},"end":{"line":87,"column":0}},"87":{"start":{"line":88,"column":0},"end":{"line":88,"column":47}},"88":{"start":{"line":89,"column":0},"end":{"line":89,"column":27}},"89":{"start":{"line":90,"column":0},"end":{"line":90,"column":10}},"90":{"start":{"line":91,"column":0},"end":{"line":91,"column":3}}},"s":{"0":1,"1":1,"2":1,"3":1,"4":1,"5":1,"6":1,"7":1,"8":1,"9":1,"10":1,"11":1,"12":1,"13":1,"14":1,"15":1,"16":1,"17":1,"18":1,"19":1,"20":1,"21":1,"22":1,"23":1,"24":1,"25":1,"26":1,"27":1,"28":1,"29":1,"30":1,"31":1,"32":1,"33":1,"34":1,"35":1,"36":1,"37":1,"38":1,"39":1,"40":1,"41":1,"42":1,"43":1,"44":1,"45":1,"46":1,"47":1,"48":1,"49":1,"50":1,"51":1,"52":1,"53":1,"54":1,"55":1,"56":1,"57":1,"58":1,"59":1,"60":1,"61":1,"62":1,"63":1,"64":1,"65":1,"66":1,"67":1,"68":1,"69":1,"70":1,"71":1,"72":1,"73":1,"74":1,"75":1,"76":1,"77":1,"78":1,"79":1,"80":1,"81":1,"82":1,"83":1,"84":1,"85":1,"86":1,"87":1,"88":1,"89":1,"90":1},"branchMap":{"0":{"type":"branch","line":91,"loc":{"start":{"line":91,"column":3},"end":{"line":91,"column":3}},"locations":[{"start":{"line":91,"column":3},"end":{"line":91,"column":3}}]},"1":{"type":"branch","line":91,"loc":{"start":{"line":91,"column":3},"end":{"line":91,"column":3}},"locations":[{"start":{"line":91,"column":3},"end":{"line":91,"column":3}}]}},"b":{"0":[1],"1":[1]},"fnMap":{"0":{"name":"Object.<anonymous>","decl":{"start":{"line":91,"column":3},"end":{"line":91,"column":3}},"loc":{"start":{"line":91,"column":3},"end":{"line":91,"column":3}},"line":91},"1":{"name":"getMovies","decl":{"start":{"line":18,"column":25},"end":{"line":18,"column":13}},"loc":{"start":{"line":18,"column":25},"end":{"line":18,"column":13}},"line":18},"2":{"name":"getMoviesSuccess","decl":{"start":{"line":23,"column":32},"end":{"line":23,"column":13}},"loc":{"start":{"line":23,"column":32},"end":{"line":23,"column":13}},"line":23},"3":{"name":"getMoviesError","decl":{"start":{"line":28,"column":30},"end":{"line":28,"column":13}},"loc":{"start":{"line":28,"column":30},"end":{"line":28,"column":13}},"line":28},"4":{"name":"setFilterByGenre","decl":{"start":{"line":33,"column":32},"end":{"line":33,"column":13}},"loc":{"start":{"line":33,"column":32},"end":{"line":33,"column":13}},"line":33},"5":{"name":"addMovie","decl":{"start":{"line":38,"column":24},"end":{"line":38,"column":13}},"loc":{"start":{"line":38,"column":24},"end":{"line":38,"column":13}},"line":38},"6":{"name":"addMovieSuccess","decl":{"start":{"line":43,"column":31},"end":{"line":43,"column":13}},"loc":{"start":{"line":43,"column":31},"end":{"line":43,"column":13}},"line":43},"7":{"name":"addMovieError","decl":{"start":{"line":48,"column":29},"end":{"line":48,"column":13}},"loc":{"start":{"line":48,"column":29},"end":{"line":48,"column":13}},"line":48},"8":{"name":"updateMovie","decl":{"start":{"line":53,"column":27},"end":{"line":53,"column":13}},"loc":{"start":{"line":53,"column":27},"end":{"line":53,"column":13}},"line":53},"9":{"name":"updateMovieSuccess","decl":{"start":{"line":58,"column":34},"end":{"line":58,"column":13}},"loc":{"start":{"line":58,"column":34},"end":{"line":58,"column":13}},"line":58},"10":{"name":"updateMovieError","decl":{"start":{"line":63,"column":32},"end":{"line":63,"column":13}},"loc":{"start":{"line":63,"column":32},"end":{"line":63,"column":13}},"line":63},"11":{"name":"deleteMovie","decl":{"start":{"line":68,"column":27},"end":{"line":68,"column":13}},"loc":{"start":{"line":68,"column":27},"end":{"line":68,"column":13}},"line":68},"12":{"name":"deleteMovieSuccess","decl":{"start":{"line":73,"column":34},"end":{"line":73,"column":13}},"loc":{"start":{"line":73,"column":34},"end":{"line":73,"column":13}},"line":73},"13":{"name":"deleteMovieError","decl":{"start":{"line":78,"column":32},"end":{"line":78,"column":13}},"loc":{"start":{"line":78,"column":32},"end":{"line":78,"column":13}},"line":78},"14":{"name":"setSorting","decl":{"start":{"line":83,"column":26},"end":{"line":83,"column":13}},"loc":{"start":{"line":83,"column":26},"end":{"line":83,"column":13}},"line":83},"15":{"name":"setSelectedMovie","decl":{"start":{"line":88,"column":32},"end":{"line":88,"column":13}},"loc":{"start":{"line":88,"column":32},"end":{"line":88,"column":13}},"line":88}},"f":{"0":1,"1":0,"2":0,"3":0,"4":0,"5":0,"6":0,"7":0,"8":0,"9":0,"10":0,"11":0,"12":0,"13":0,"14":0,"15":0}}
,"C:\\projects\\react-mentoring-program\\src\\store\\reducers\\movies.js": {"path":"C:\\projects\\react-mentoring-program\\src\\store\\reducers\\movies.js","statementMap":{"0":{"start":{"line":1,"column":0},"end":{"line":1,"column":45}},"1":{"start":{"line":2,"column":0},"end":{"line":2,"column":0}},"2":{"start":{"line":3,"column":0},"end":{"line":3,"column":0}},"3":{"start":{"line":4,"column":0},"end":{"line":4,"column":22}},"4":{"start":{"line":5,"column":0},"end":{"line":5,"column":13}},"5":{"start":{"line":6,"column":0},"end":{"line":6,"column":19}},"6":{"start":{"line":7,"column":0},"end":{"line":7,"column":14}},"7":{"start":{"line":8,"column":0},"end":{"line":8,"column":22}},"8":{"start":{"line":9,"column":0},"end":{"line":9,"column":15}},"9":{"start":{"line":10,"column":0},"end":{"line":10,"column":24}},"10":{"start":{"line":11,"column":0},"end":{"line":11,"column":2}},"11":{"start":{"line":12,"column":0},"end":{"line":12,"column":0}},"12":{"start":{"line":13,"column":0},"end":{"line":13,"column":51}},"13":{"start":{"line":14,"column":0},"end":{"line":14,"column":24}},"14":{"start":{"line":15,"column":0},"end":{"line":15,"column":36}},"15":{"start":{"line":16,"column":0},"end":{"line":16,"column":14}},"16":{"start":{"line":17,"column":0},"end":{"line":17,"column":17}},"17":{"start":{"line":18,"column":0},"end":{"line":18,"column":40}},"18":{"start":{"line":19,"column":0},"end":{"line":19,"column":8}},"19":{"start":{"line":20,"column":0},"end":{"line":20,"column":28}},"20":{"start":{"line":21,"column":0},"end":{"line":21,"column":14}},"21":{"start":{"line":22,"column":0},"end":{"line":22,"column":24}},"22":{"start":{"line":23,"column":0},"end":{"line":23,"column":24}},"23":{"start":{"line":24,"column":0},"end":{"line":24,"column":8}},"24":{"start":{"line":25,"column":0},"end":{"line":25,"column":36}},"25":{"start":{"line":26,"column":0},"end":{"line":26,"column":30}},"26":{"start":{"line":27,"column":0},"end":{"line":27,"column":14}},"27":{"start":{"line":28,"column":0},"end":{"line":28,"column":17}},"28":{"start":{"line":29,"column":0},"end":{"line":29,"column":15}},"29":{"start":{"line":30,"column":0},"end":{"line":30,"column":25}},"30":{"start":{"line":31,"column":0},"end":{"line":31,"column":8}},"31":{"start":{"line":32,"column":0},"end":{"line":32,"column":34}},"32":{"start":{"line":33,"column":0},"end":{"line":33,"column":29}},"33":{"start":{"line":34,"column":0},"end":{"line":34,"column":14}},"34":{"start":{"line":35,"column":0},"end":{"line":35,"column":17}},"35":{"start":{"line":36,"column":0},"end":{"line":36,"column":25}},"36":{"start":{"line":37,"column":0},"end":{"line":37,"column":14}},"37":{"start":{"line":38,"column":0},"end":{"line":38,"column":8}},"38":{"start":{"line":39,"column":0},"end":{"line":39,"column":37}},"39":{"start":{"line":40,"column":0},"end":{"line":40,"column":29}},"40":{"start":{"line":41,"column":0},"end":{"line":41,"column":14}},"41":{"start":{"line":42,"column":0},"end":{"line":42,"column":17}},"42":{"start":{"line":43,"column":0},"end":{"line":43,"column":29}},"43":{"start":{"line":44,"column":0},"end":{"line":44,"column":8}},"44":{"start":{"line":45,"column":0},"end":{"line":45,"column":35}},"45":{"start":{"line":46,"column":0},"end":{"line":46,"column":14}},"46":{"start":{"line":47,"column":0},"end":{"line":47,"column":17}},"47":{"start":{"line":48,"column":0},"end":{"line":48,"column":17}},"48":{"start":{"line":49,"column":0},"end":{"line":49,"column":26}},"49":{"start":{"line":50,"column":0},"end":{"line":50,"column":23}},"50":{"start":{"line":51,"column":0},"end":{"line":51,"column":10}},"51":{"start":{"line":52,"column":0},"end":{"line":52,"column":8}},"52":{"start":{"line":53,"column":0},"end":{"line":53,"column":38}},"53":{"start":{"line":54,"column":0},"end":{"line":54,"column":59}},"54":{"start":{"line":55,"column":0},"end":{"line":55,"column":52}},"55":{"start":{"line":56,"column":0},"end":{"line":56,"column":14}},"56":{"start":{"line":57,"column":0},"end":{"line":57,"column":17}},"57":{"start":{"line":58,"column":0},"end":{"line":58,"column":17}},"58":{"start":{"line":59,"column":0},"end":{"line":59,"column":40}},"59":{"start":{"line":60,"column":0},"end":{"line":60,"column":23}},"60":{"start":{"line":61,"column":0},"end":{"line":61,"column":41}},"61":{"start":{"line":62,"column":0},"end":{"line":62,"column":10}},"62":{"start":{"line":63,"column":0},"end":{"line":63,"column":8}},"63":{"start":{"line":64,"column":0},"end":{"line":64,"column":38}},"64":{"start":{"line":65,"column":0},"end":{"line":65,"column":22}},"65":{"start":{"line":66,"column":0},"end":{"line":66,"column":71}},"66":{"start":{"line":67,"column":0},"end":{"line":67,"column":0}},"67":{"start":{"line":68,"column":0},"end":{"line":68,"column":14}},"68":{"start":{"line":69,"column":0},"end":{"line":69,"column":17}},"69":{"start":{"line":70,"column":0},"end":{"line":70,"column":17}},"70":{"start":{"line":71,"column":0},"end":{"line":71,"column":45}},"71":{"start":{"line":72,"column":0},"end":{"line":72,"column":46}},"72":{"start":{"line":73,"column":0},"end":{"line":73,"column":10}},"73":{"start":{"line":74,"column":0},"end":{"line":74,"column":8}},"74":{"start":{"line":75,"column":0},"end":{"line":75,"column":29}},"75":{"start":{"line":76,"column":0},"end":{"line":76,"column":14}},"76":{"start":{"line":77,"column":0},"end":{"line":77,"column":17}},"77":{"start":{"line":78,"column":0},"end":{"line":78,"column":30}},"78":{"start":{"line":79,"column":0},"end":{"line":79,"column":8}},"79":{"start":{"line":80,"column":0},"end":{"line":80,"column":12}},"80":{"start":{"line":81,"column":0},"end":{"line":81,"column":19}},"81":{"start":{"line":82,"column":0},"end":{"line":82,"column":3}},"82":{"start":{"line":83,"column":0},"end":{"line":83,"column":2}},"83":{"start":{"line":84,"column":0},"end":{"line":84,"column":0}},"84":{"start":{"line":85,"column":0},"end":{"line":85,"column":23}}},"s":{"0":1,"1":1,"2":1,"3":1,"4":1,"5":1,"6":1,"7":1,"8":1,"9":1,"10":1,"11":1,"12":1,"13":1,"14":1,"15":0,"16":1,"17":1,"18":1,"19":1,"20":0,"21":1,"22":1,"23":1,"24":1,"25":0,"26":0,"27":1,"28":1,"29":1,"30":1,"31":1,"32":0,"33":0,"34":1,"35":1,"36":1,"37":1,"38":1,"39":0,"40":0,"41":1,"42":1,"43":1,"44":1,"45":0,"46":1,"47":1,"48":1,"49":1,"50":1,"51":1,"52":1,"53":0,"54":0,"55":0,"56":1,"57":1,"58":1,"59":1,"60":1,"61":1,"62":1,"63":1,"64":0,"65":0,"66":0,"67":0,"68":1,"69":1,"70":1,"71":1,"72":1,"73":1,"74":1,"75":0,"76":1,"77":1,"78":1,"79":1,"80":1,"81":1,"82":1,"83":1,"84":1},"branchMap":{"0":{"type":"branch","line":85,"loc":{"start":{"line":85,"column":23},"end":{"line":85,"column":23}},"locations":[{"start":{"line":85,"column":23},"end":{"line":85,"column":23}}]},"1":{"type":"branch","line":85,"loc":{"start":{"line":85,"column":23},"end":{"line":85,"column":23}},"locations":[{"start":{"line":85,"column":23},"end":{"line":85,"column":23}}]},"2":{"type":"branch","line":85,"loc":{"start":{"line":85,"column":23},"end":{"line":85,"column":23}},"locations":[{"start":{"line":85,"column":23},"end":{"line":85,"column":23}}]},"3":{"type":"branch","line":85,"loc":{"start":{"line":85,"column":23},"end":{"line":85,"column":23}},"locations":[{"start":{"line":85,"column":23},"end":{"line":85,"column":23}}]},"4":{"type":"branch","line":85,"loc":{"start":{"line":85,"column":23},"end":{"line":85,"column":23}},"locations":[{"start":{"line":85,"column":23},"end":{"line":85,"column":23}}]},"5":{"type":"branch","line":85,"loc":{"start":{"line":85,"column":23},"end":{"line":85,"column":23}},"locations":[{"start":{"line":85,"column":23},"end":{"line":85,"column":23}}]},"6":{"type":"branch","line":85,"loc":{"start":{"line":85,"column":23},"end":{"line":85,"column":23}},"locations":[{"start":{"line":85,"column":23},"end":{"line":85,"column":23}}]},"7":{"type":"branch","line":13,"loc":{"start":{"line":13,"column":16},"end":{"line":13,"column":6}},"locations":[{"start":{"line":13,"column":16},"end":{"line":13,"column":6}}]},"8":{"type":"branch","line":13,"loc":{"start":{"line":13,"column":50},"end":{"line":13,"column":51}},"locations":[{"start":{"line":13,"column":50},"end":{"line":13,"column":51}}]},"9":{"type":"branch","line":13,"loc":{"start":{"line":13,"column":50},"end":{"line":13,"column":39}},"locations":[{"start":{"line":13,"column":50},"end":{"line":13,"column":39}}]},"10":{"type":"branch","line":13,"loc":{"start":{"line":13,"column":50},"end":{"line":13,"column":51}},"locations":[{"start":{"line":13,"column":50},"end":{"line":13,"column":51}}]},"11":{"type":"branch","line":15,"loc":{"start":{"line":15,"column":4},"end":{"line":16,"column":14}},"locations":[{"start":{"line":15,"column":4},"end":{"line":16,"column":14}}]},"12":{"type":"branch","line":20,"loc":{"start":{"line":20,"column":4},"end":{"line":21,"column":14}},"locations":[{"start":{"line":20,"column":4},"end":{"line":21,"column":14}}]},"13":{"type":"branch","line":25,"loc":{"start":{"line":25,"column":4},"end":{"line":27,"column":14}},"locations":[{"start":{"line":25,"column":4},"end":{"line":27,"column":14}}]},"14":{"type":"branch","line":32,"loc":{"start":{"line":32,"column":4},"end":{"line":34,"column":14}},"locations":[{"start":{"line":32,"column":4},"end":{"line":34,"column":14}}]},"15":{"type":"branch","line":39,"loc":{"start":{"line":39,"column":4},"end":{"line":41,"column":14}},"locations":[{"start":{"line":39,"column":4},"end":{"line":41,"column":14}}]},"16":{"type":"branch","line":45,"loc":{"start":{"line":45,"column":4},"end":{"line":46,"column":14}},"locations":[{"start":{"line":45,"column":4},"end":{"line":46,"column":14}}]},"17":{"type":"branch","line":53,"loc":{"start":{"line":53,"column":4},"end":{"line":56,"column":14}},"locations":[{"start":{"line":53,"column":4},"end":{"line":56,"column":14}}]},"18":{"type":"branch","line":64,"loc":{"start":{"line":64,"column":4},"end":{"line":68,"column":14}},"locations":[{"start":{"line":64,"column":4},"end":{"line":68,"column":14}}]},"19":{"type":"branch","line":75,"loc":{"start":{"line":75,"column":4},"end":{"line":76,"column":14}},"locations":[{"start":{"line":75,"column":4},"end":{"line":76,"column":14}}]}},"b":{"0":[1],"1":[1],"2":[1],"3":[0],"4":[0],"5":[0],"6":[0],"7":[2],"8":[1],"9":[1],"10":[0],"11":[0],"12":[0],"13":[0],"14":[0],"15":[0],"16":[0],"17":[0],"18":[0],"19":[0]},"fnMap":{"0":{"name":"Object.<anonymous>","decl":{"start":{"line":85,"column":23},"end":{"line":85,"column":23}},"loc":{"start":{"line":85,"column":23},"end":{"line":85,"column":23}},"line":85},"1":{"name":"_typeof","decl":{"start":{"line":85,"column":23},"end":{"line":85,"column":23}},"loc":{"start":{"line":85,"column":23},"end":{"line":85,"column":23}},"line":85},"2":{"name":"_getRequireWildcardCache","decl":{"start":{"line":85,"column":23},"end":{"line":85,"column":23}},"loc":{"start":{"line":85,"column":23},"end":{"line":85,"column":23}},"line":85},"3":{"name":"_interopRequireWildcard","decl":{"start":{"line":85,"column":23},"end":{"line":85,"column":23}},"loc":{"start":{"line":85,"column":23},"end":{"line":85,"column":23}},"line":85},"4":{"name":"_toConsumableArray","decl":{"start":{"line":85,"column":23},"end":{"line":85,"column":23}},"loc":{"start":{"line":85,"column":23},"end":{"line":85,"column":23}},"line":85},"5":{"name":"_nonIterableSpread","decl":{"start":{"line":85,"column":23},"end":{"line":85,"column":23}},"loc":{"start":{"line":85,"column":23},"end":{"line":85,"column":23}},"line":85},"6":{"name":"_unsupportedIterableToArray","decl":{"start":{"line":85,"column":23},"end":{"line":85,"column":23}},"loc":{"start":{"line":85,"column":23},"end":{"line":85,"column":23}},"line":85},"7":{"name":"_iterableToArray","decl":{"start":{"line":85,"column":23},"end":{"line":85,"column":23}},"loc":{"start":{"line":85,"column":23},"end":{"line":85,"column":23}},"line":85},"8":{"name":"_arrayWithoutHoles","decl":{"start":{"line":85,"column":23},"end":{"line":85,"column":23}},"loc":{"start":{"line":85,"column":23},"end":{"line":85,"column":23}},"line":85},"9":{"name":"_arrayLikeToArray","decl":{"start":{"line":85,"column":23},"end":{"line":85,"column":23}},"loc":{"start":{"line":85,"column":23},"end":{"line":85,"column":23}},"line":85},"10":{"name":"ownKeys","decl":{"start":{"line":85,"column":23},"end":{"line":85,"column":23}},"loc":{"start":{"line":85,"column":23},"end":{"line":85,"column":23}},"line":85},"11":{"name":"_objectSpread","decl":{"start":{"line":85,"column":23},"end":{"line":85,"column":23}},"loc":{"start":{"line":85,"column":23},"end":{"line":85,"column":23}},"line":85},"12":{"name":"_defineProperty","decl":{"start":{"line":85,"column":23},"end":{"line":85,"column":23}},"loc":{"start":{"line":85,"column":23},"end":{"line":85,"column":23}},"line":85},"13":{"name":"reducer","decl":{"start":{"line":13,"column":16},"end":{"line":13,"column":6}},"loc":{"start":{"line":13,"column":16},"end":{"line":13,"column":6}},"line":13}},"f":{"0":1,"1":0,"2":0,"3":1,"4":0,"5":0,"6":0,"7":0,"8":0,"9":0,"10":0,"11":0,"12":0,"13":2}}
}
