{"C:\\projects\\react-mentoring-program\\src\\components\\Button\\Button.jsx": {"path":"C:\\projects\\react-mentoring-program\\src\\components\\Button\\Button.jsx","statementMap":{"0":{"start":{"line":1,"column":0},"end":{"line":1,"column":26}},"1":{"start":{"line":2,"column":0},"end":{"line":2,"column":0}},"2":{"start":{"line":3,"column":0},"end":{"line":3,"column":47}},"3":{"start":{"line":4,"column":0},"end":{"line":4,"column":0}},"4":{"start":{"line":5,"column":0},"end":{"line":5,"column":23}},"5":{"start":{"line":6,"column":0},"end":{"line":6,"column":0}},"6":{"start":{"line":7,"column":0},"end":{"line":7,"column":35}},"7":{"start":{"line":8,"column":0},"end":{"line":8,"column":0}},"8":{"start":{"line":9,"column":0},"end":{"line":9,"column":0}},"9":{"start":{"line":10,"column":0},"end":{"line":10,"column":26}},"10":{"start":{"line":11,"column":0},"end":{"line":11,"column":15}},"11":{"start":{"line":12,"column":0},"end":{"line":12,"column":30}},"12":{"start":{"line":13,"column":0},"end":{"line":13,"column":34}},"13":{"start":{"line":14,"column":0},"end":{"line":14,"column":2}},"14":{"start":{"line":15,"column":0},"end":{"line":15,"column":0}},"15":{"start":{"line":16,"column":0},"end":{"line":16,"column":0}},"16":{"start":{"line":17,"column":0},"end":{"line":17,"column":71}},"17":{"start":{"line":18,"column":0},"end":{"line":18,"column":12}},"18":{"start":{"line":19,"column":0},"end":{"line":19,"column":33}},"19":{"start":{"line":20,"column":0},"end":{"line":20,"column":23}},"20":{"start":{"line":21,"column":0},"end":{"line":21,"column":27}},"21":{"start":{"line":22,"column":0},"end":{"line":22,"column":24}},"22":{"start":{"line":23,"column":0},"end":{"line":23,"column":44}},"23":{"start":{"line":24,"column":0},"end":{"line":24,"column":26}},"24":{"start":{"line":25,"column":0},"end":{"line":25,"column":15}},"25":{"start":{"line":26,"column":0},"end":{"line":26,"column":28}},"26":{"start":{"line":27,"column":0},"end":{"line":27,"column":18}},"27":{"start":{"line":28,"column":0},"end":{"line":28,"column":6}},"28":{"start":{"line":29,"column":0},"end":{"line":29,"column":2}},"29":{"start":{"line":30,"column":0},"end":{"line":30,"column":0}},"30":{"start":{"line":31,"column":0},"end":{"line":31,"column":0}},"31":{"start":{"line":32,"column":0},"end":{"line":32,"column":20}},"32":{"start":{"line":33,"column":0},"end":{"line":33,"column":62}},"33":{"start":{"line":34,"column":0},"end":{"line":34,"column":2}},"34":{"start":{"line":35,"column":0},"end":{"line":35,"column":0}},"35":{"start":{"line":36,"column":0},"end":{"line":36,"column":23}},"36":{"start":{"line":37,"column":0},"end":{"line":37,"column":24}},"37":{"start":{"line":38,"column":0},"end":{"line":38,"column":2}},"38":{"start":{"line":39,"column":0},"end":{"line":39,"column":0}},"39":{"start":{"line":40,"column":0},"end":{"line":40,"column":22}}},"s":{"0":1,"1":1,"2":1,"3":1,"4":1,"5":1,"6":1,"7":1,"8":1,"9":1,"10":1,"11":1,"12":1,"13":1,"14":1,"15":1,"16":1,"17":1,"18":1,"19":1,"20":1,"21":1,"22":1,"23":1,"24":1,"25":1,"26":1,"27":1,"28":1,"29":1,"30":1,"31":1,"32":1,"33":1,"34":1,"35":1,"36":1,"37":1,"38":1,"39":1},"branchMap":{"0":{"type":"branch","line":40,"loc":{"start":{"line":40,"column":22},"end":{"line":40,"column":22}},"locations":[{"start":{"line":40,"column":22},"end":{"line":40,"column":22}}]},"1":{"type":"branch","line":40,"loc":{"start":{"line":40,"column":22},"end":{"line":40,"column":22}},"locations":[{"start":{"line":40,"column":22},"end":{"line":40,"column":22}}]},"2":{"type":"branch","line":40,"loc":{"start":{"line":40,"column":22},"end":{"line":40,"column":22}},"locations":[{"start":{"line":40,"column":22},"end":{"line":40,"column":22}}]},"3":{"type":"branch","line":40,"loc":{"start":{"line":40,"column":22},"end":{"line":40,"column":22}},"locations":[{"start":{"line":40,"column":22},"end":{"line":40,"column":22}}]},"4":{"type":"branch","line":40,"loc":{"start":{"line":40,"column":22},"end":{"line":40,"column":22}},"locations":[{"start":{"line":40,"column":22},"end":{"line":40,"column":22}}]},"5":{"type":"branch","line":40,"loc":{"start":{"line":40,"column":22},"end":{"line":40,"column":22}},"locations":[{"start":{"line":40,"column":22},"end":{"line":40,"column":22}}]},"6":{"type":"branch","line":40,"loc":{"start":{"line":40,"column":22},"end":{"line":40,"column":22}},"locations":[{"start":{"line":40,"column":22},"end":{"line":40,"column":22}}]},"7":{"type":"branch","line":40,"loc":{"start":{"line":40,"column":22},"end":{"line":40,"column":22}},"locations":[{"start":{"line":40,"column":22},"end":{"line":40,"column":22}}]},"8":{"type":"branch","line":40,"loc":{"start":{"line":40,"column":22},"end":{"line":40,"column":22}},"locations":[{"start":{"line":40,"column":22},"end":{"line":40,"column":22}}]},"9":{"type":"branch","line":40,"loc":{"start":{"line":40,"column":22},"end":{"line":40,"column":22}},"locations":[{"start":{"line":40,"column":22},"end":{"line":40,"column":22}}]},"10":{"type":"branch","line":40,"loc":{"start":{"line":40,"column":22},"end":{"line":40,"column":22}},"locations":[{"start":{"line":40,"column":22},"end":{"line":40,"column":22}}]},"11":{"type":"branch","line":40,"loc":{"start":{"line":40,"column":22},"end":{"line":40,"column":22}},"locations":[{"start":{"line":40,"column":22},"end":{"line":40,"column":22}}]},"12":{"type":"branch","line":40,"loc":{"start":{"line":40,"column":22},"end":{"line":40,"column":22}},"locations":[{"start":{"line":40,"column":22},"end":{"line":40,"column":22}}]},"13":{"type":"branch","line":40,"loc":{"start":{"line":40,"column":22},"end":{"line":40,"column":22}},"locations":[{"start":{"line":40,"column":22},"end":{"line":40,"column":22}}]},"14":{"type":"branch","line":17,"loc":{"start":{"line":17,"column":15},"end":{"line":17,"column":6}},"locations":[{"start":{"line":17,"column":15},"end":{"line":17,"column":6}}]}},"b":{"0":[1],"1":[1],"2":[2],"3":[0],"4":[1],"5":[0],"6":[162],"7":[0],"8":[0],"9":[162],"10":[0],"11":[486],"12":[324],"13":[162],"14":[162]},"fnMap":{"0":{"name":"Object.<anonymous>","decl":{"start":{"line":40,"column":22},"end":{"line":40,"column":22}},"loc":{"start":{"line":40,"column":22},"end":{"line":40,"column":22}},"line":40},"1":{"name":"_interopRequireDefault","decl":{"start":{"line":40,"column":22},"end":{"line":40,"column":22}},"loc":{"start":{"line":40,"column":22},"end":{"line":40,"column":22}},"line":40},"2":{"name":"_extends","decl":{"start":{"line":40,"column":22},"end":{"line":40,"column":22}},"loc":{"start":{"line":40,"column":22},"end":{"line":40,"column":22}},"line":40},"3":{"name":"_extends","decl":{"start":{"line":40,"column":22},"end":{"line":40,"column":22}},"loc":{"start":{"line":40,"column":22},"end":{"line":40,"column":22}},"line":40},"4":{"name":"_objectWithoutProperties","decl":{"start":{"line":40,"column":22},"end":{"line":40,"column":22}},"loc":{"start":{"line":40,"column":22},"end":{"line":40,"column":22}},"line":40},"5":{"name":"_objectWithoutPropertiesLoose","decl":{"start":{"line":40,"column":22},"end":{"line":40,"column":22}},"loc":{"start":{"line":40,"column":22},"end":{"line":40,"column":22}},"line":40},"6":{"name":"Button","decl":{"start":{"line":17,"column":15},"end":{"line":17,"column":6}},"loc":{"start":{"line":17,"column":15},"end":{"line":17,"column":6}},"line":17}},"f":{"0":1,"1":2,"2":1,"3":0,"4":162,"5":162,"6":162}}
,"C:\\projects\\react-mentoring-program\\src\\components\\Input\\Input.jsx": {"path":"C:\\projects\\react-mentoring-program\\src\\components\\Input\\Input.jsx","statementMap":{"0":{"start":{"line":1,"column":0},"end":{"line":1,"column":26}},"1":{"start":{"line":2,"column":0},"end":{"line":2,"column":0}},"2":{"start":{"line":3,"column":0},"end":{"line":3,"column":22}},"3":{"start":{"line":4,"column":0},"end":{"line":4,"column":0}},"4":{"start":{"line":5,"column":0},"end":{"line":5,"column":35}},"5":{"start":{"line":6,"column":0},"end":{"line":6,"column":0}},"6":{"start":{"line":7,"column":0},"end":{"line":7,"column":47}},"7":{"start":{"line":8,"column":0},"end":{"line":8,"column":0}},"8":{"start":{"line":9,"column":0},"end":{"line":9,"column":0}},"9":{"start":{"line":10,"column":0},"end":{"line":10,"column":16}},"10":{"start":{"line":11,"column":0},"end":{"line":11,"column":14}},"11":{"start":{"line":12,"column":0},"end":{"line":12,"column":9}},"12":{"start":{"line":13,"column":0},"end":{"line":13,"column":10}},"13":{"start":{"line":14,"column":0},"end":{"line":14,"column":18}},"14":{"start":{"line":15,"column":0},"end":{"line":15,"column":16}},"15":{"start":{"line":16,"column":0},"end":{"line":16,"column":13}},"16":{"start":{"line":17,"column":0},"end":{"line":17,"column":11}},"17":{"start":{"line":18,"column":0},"end":{"line":18,"column":12}},"18":{"start":{"line":19,"column":0},"end":{"line":19,"column":7}},"19":{"start":{"line":20,"column":0},"end":{"line":20,"column":30}},"20":{"start":{"line":21,"column":0},"end":{"line":21,"column":22}},"21":{"start":{"line":22,"column":0},"end":{"line":22,"column":22}},"22":{"start":{"line":23,"column":0},"end":{"line":23,"column":10}},"23":{"start":{"line":24,"column":0},"end":{"line":24,"column":22}},"24":{"start":{"line":25,"column":0},"end":{"line":25,"column":23}},"25":{"start":{"line":26,"column":0},"end":{"line":26,"column":23}},"26":{"start":{"line":27,"column":0},"end":{"line":27,"column":25}},"27":{"start":{"line":28,"column":0},"end":{"line":28,"column":37}},"28":{"start":{"line":29,"column":0},"end":{"line":29,"column":31}},"29":{"start":{"line":30,"column":0},"end":{"line":30,"column":27}},"30":{"start":{"line":31,"column":0},"end":{"line":31,"column":10}},"31":{"start":{"line":32,"column":0},"end":{"line":32,"column":6}},"32":{"start":{"line":33,"column":0},"end":{"line":33,"column":0}},"33":{"start":{"line":34,"column":0},"end":{"line":34,"column":19}},"34":{"start":{"line":35,"column":0},"end":{"line":35,"column":69}},"35":{"start":{"line":36,"column":0},"end":{"line":36,"column":38}},"36":{"start":{"line":37,"column":0},"end":{"line":37,"column":34}},"37":{"start":{"line":38,"column":0},"end":{"line":38,"column":29}},"38":{"start":{"line":39,"column":0},"end":{"line":39,"column":27}},"39":{"start":{"line":40,"column":0},"end":{"line":40,"column":54}},"40":{"start":{"line":41,"column":0},"end":{"line":41,"column":2}},"41":{"start":{"line":42,"column":0},"end":{"line":42,"column":0}},"42":{"start":{"line":43,"column":0},"end":{"line":43,"column":21}}},"s":{"0":1,"1":1,"2":1,"3":1,"4":1,"5":1,"6":1,"7":1,"8":1,"9":1,"10":0,"11":0,"12":0,"13":0,"14":1,"15":1,"16":1,"17":1,"18":1,"19":1,"20":1,"21":1,"22":1,"23":1,"24":1,"25":1,"26":1,"27":1,"28":1,"29":1,"30":1,"31":1,"32":1,"33":1,"34":1,"35":1,"36":1,"37":1,"38":1,"39":1,"40":1,"41":1,"42":1},"branchMap":{"0":{"type":"branch","line":43,"loc":{"start":{"line":43,"column":21},"end":{"line":43,"column":21}},"locations":[{"start":{"line":43,"column":21},"end":{"line":43,"column":21}}]},"1":{"type":"branch","line":43,"loc":{"start":{"line":43,"column":21},"end":{"line":43,"column":21}},"locations":[{"start":{"line":43,"column":21},"end":{"line":43,"column":21}}]},"2":{"type":"branch","line":43,"loc":{"start":{"line":43,"column":21},"end":{"line":43,"column":21}},"locations":[{"start":{"line":43,"column":21},"end":{"line":43,"column":21}}]},"3":{"type":"branch","line":43,"loc":{"start":{"line":43,"column":21},"end":{"line":43,"column":21}},"locations":[{"start":{"line":43,"column":21},"end":{"line":43,"column":21}}]},"4":{"type":"branch","line":43,"loc":{"start":{"line":43,"column":21},"end":{"line":43,"column":21}},"locations":[{"start":{"line":43,"column":21},"end":{"line":43,"column":21}}]},"5":{"type":"branch","line":43,"loc":{"start":{"line":43,"column":21},"end":{"line":43,"column":21}},"locations":[{"start":{"line":43,"column":21},"end":{"line":43,"column":21}}]},"6":{"type":"branch","line":43,"loc":{"start":{"line":43,"column":21},"end":{"line":43,"column":21}},"locations":[{"start":{"line":43,"column":21},"end":{"line":43,"column":21}}]},"7":{"type":"branch","line":43,"loc":{"start":{"line":43,"column":21},"end":{"line":43,"column":21}},"locations":[{"start":{"line":43,"column":21},"end":{"line":43,"column":21}}]},"8":{"type":"branch","line":43,"loc":{"start":{"line":43,"column":21},"end":{"line":43,"column":21}},"locations":[{"start":{"line":43,"column":21},"end":{"line":43,"column":21}}]},"9":{"type":"branch","line":43,"loc":{"start":{"line":43,"column":21},"end":{"line":43,"column":21}},"locations":[{"start":{"line":43,"column":21},"end":{"line":43,"column":21}}]},"10":{"type":"branch","line":43,"loc":{"start":{"line":43,"column":21},"end":{"line":43,"column":21}},"locations":[{"start":{"line":43,"column":21},"end":{"line":43,"column":21}}]},"11":{"type":"branch","line":43,"loc":{"start":{"line":43,"column":21},"end":{"line":43,"column":21}},"locations":[{"start":{"line":43,"column":21},"end":{"line":43,"column":21}}]},"12":{"type":"branch","line":43,"loc":{"start":{"line":43,"column":21},"end":{"line":43,"column":21}},"locations":[{"start":{"line":43,"column":21},"end":{"line":43,"column":21}}]},"13":{"type":"branch","line":10,"loc":{"start":{"line":10,"column":14},"end":{"line":10,"column":6}},"locations":[{"start":{"line":10,"column":14},"end":{"line":10,"column":6}}]},"14":{"type":"branch","line":10,"loc":{"start":{"line":10,"column":14},"end":{"line":14,"column":18}},"locations":[{"start":{"line":10,"column":14},"end":{"line":14,"column":18}}]}},"b":{"0":[1],"1":[1],"2":[2],"3":[0],"4":[1],"5":[0],"6":[486],"7":[0],"8":[0],"9":[486],"10":[0],"11":[2430],"12":[0],"13":[486],"14":[0]},"fnMap":{"0":{"name":"Object.<anonymous>","decl":{"start":{"line":43,"column":21},"end":{"line":43,"column":21}},"loc":{"start":{"line":43,"column":21},"end":{"line":43,"column":21}},"line":43},"1":{"name":"_interopRequireDefault","decl":{"start":{"line":43,"column":21},"end":{"line":43,"column":21}},"loc":{"start":{"line":43,"column":21},"end":{"line":43,"column":21}},"line":43},"2":{"name":"_extends","decl":{"start":{"line":43,"column":21},"end":{"line":43,"column":21}},"loc":{"start":{"line":43,"column":21},"end":{"line":43,"column":21}},"line":43},"3":{"name":"_extends","decl":{"start":{"line":43,"column":21},"end":{"line":43,"column":21}},"loc":{"start":{"line":43,"column":21},"end":{"line":43,"column":21}},"line":43},"4":{"name":"_objectWithoutProperties","decl":{"start":{"line":43,"column":21},"end":{"line":43,"column":21}},"loc":{"start":{"line":43,"column":21},"end":{"line":43,"column":21}},"line":43},"5":{"name":"_objectWithoutPropertiesLoose","decl":{"start":{"line":43,"column":21},"end":{"line":43,"column":21}},"loc":{"start":{"line":43,"column":21},"end":{"line":43,"column":21}},"line":43},"6":{"name":"Input","decl":{"start":{"line":10,"column":14},"end":{"line":10,"column":6}},"loc":{"start":{"line":10,"column":14},"end":{"line":10,"column":6}},"line":10}},"f":{"0":1,"1":2,"2":1,"3":0,"4":486,"5":486,"6":486}}
,"C:\\projects\\react-mentoring-program\\src\\components\\Logo\\Logo.jsx": {"path":"C:\\projects\\react-mentoring-program\\src\\components\\Logo\\Logo.jsx","statementMap":{"0":{"start":{"line":1,"column":0},"end":{"line":1,"column":26}},"1":{"start":{"line":2,"column":0},"end":{"line":2,"column":0}},"2":{"start":{"line":3,"column":0},"end":{"line":3,"column":21}},"3":{"start":{"line":4,"column":0},"end":{"line":4,"column":0}},"4":{"start":{"line":5,"column":0},"end":{"line":5,"column":0}},"5":{"start":{"line":6,"column":0},"end":{"line":6,"column":18}},"6":{"start":{"line":7,"column":0},"end":{"line":7,"column":29}},"7":{"start":{"line":8,"column":0},"end":{"line":8,"column":61}},"8":{"start":{"line":9,"column":0},"end":{"line":9,"column":12}},"9":{"start":{"line":10,"column":0},"end":{"line":10,"column":0}},"10":{"start":{"line":11,"column":0},"end":{"line":11,"column":20}}},"s":{"0":1,"1":1,"2":1,"3":1,"4":1,"5":1,"6":1,"7":1,"8":1,"9":1,"10":1},"branchMap":{"0":{"type":"branch","line":11,"loc":{"start":{"line":11,"column":20},"end":{"line":11,"column":20}},"locations":[{"start":{"line":11,"column":20},"end":{"line":11,"column":20}}]},"1":{"type":"branch","line":11,"loc":{"start":{"line":11,"column":20},"end":{"line":11,"column":20}},"locations":[{"start":{"line":11,"column":20},"end":{"line":11,"column":20}}]},"2":{"type":"branch","line":11,"loc":{"start":{"line":11,"column":20},"end":{"line":11,"column":20}},"locations":[{"start":{"line":11,"column":20},"end":{"line":11,"column":20}}]},"3":{"type":"branch","line":11,"loc":{"start":{"line":11,"column":20},"end":{"line":11,"column":20}},"locations":[{"start":{"line":11,"column":20},"end":{"line":11,"column":20}}]},"4":{"type":"branch","line":6,"loc":{"start":{"line":6,"column":13},"end":{"line":6,"column":6}},"locations":[{"start":{"line":6,"column":13},"end":{"line":6,"column":6}}]}},"b":{"0":[1],"1":[1],"2":[1],"3":[0],"4":[1]},"fnMap":{"0":{"name":"Object.<anonymous>","decl":{"start":{"line":11,"column":20},"end":{"line":11,"column":20}},"loc":{"start":{"line":11,"column":20},"end":{"line":11,"column":20}},"line":11},"1":{"name":"_interopRequireDefault","decl":{"start":{"line":11,"column":20},"end":{"line":11,"column":20}},"loc":{"start":{"line":11,"column":20},"end":{"line":11,"column":20}},"line":11},"2":{"name":"Logo","decl":{"start":{"line":6,"column":13},"end":{"line":6,"column":6}},"loc":{"start":{"line":6,"column":13},"end":{"line":6,"column":6}},"line":6}},"f":{"0":1,"1":1,"2":1}}
,"C:\\projects\\react-mentoring-program\\src\\components\\Modal\\Modal.jsx": {"path":"C:\\projects\\react-mentoring-program\\src\\components\\Modal\\Modal.jsx","statementMap":{"0":{"start":{"line":1,"column":0},"end":{"line":1,"column":26}},"1":{"start":{"line":2,"column":0},"end":{"line":2,"column":0}},"2":{"start":{"line":3,"column":0},"end":{"line":3,"column":41}},"3":{"start":{"line":4,"column":0},"end":{"line":4,"column":0}},"4":{"start":{"line":5,"column":0},"end":{"line":5,"column":22}},"5":{"start":{"line":6,"column":0},"end":{"line":6,"column":0}},"6":{"start":{"line":7,"column":0},"end":{"line":7,"column":0}},"7":{"start":{"line":8,"column":0},"end":{"line":8,"column":47}},"8":{"start":{"line":9,"column":0},"end":{"line":9,"column":6}},"9":{"start":{"line":10,"column":0},"end":{"line":10,"column":19}},"10":{"start":{"line":11,"column":0},"end":{"line":11,"column":33}},"11":{"start":{"line":12,"column":0},"end":{"line":12,"column":45}},"12":{"start":{"line":13,"column":0},"end":{"line":13,"column":99}},"13":{"start":{"line":14,"column":0},"end":{"line":14,"column":55}},"14":{"start":{"line":15,"column":0},"end":{"line":15,"column":36}},"15":{"start":{"line":16,"column":0},"end":{"line":16,"column":22}},"16":{"start":{"line":17,"column":0},"end":{"line":17,"column":18}},"17":{"start":{"line":18,"column":0},"end":{"line":18,"column":14}},"18":{"start":{"line":19,"column":0},"end":{"line":19,"column":7}},"19":{"start":{"line":20,"column":0},"end":{"line":20,"column":2}},"20":{"start":{"line":21,"column":0},"end":{"line":21,"column":0}},"21":{"start":{"line":22,"column":0},"end":{"line":22,"column":21}}},"s":{"0":1,"1":1,"2":1,"3":1,"4":1,"5":1,"6":1,"7":1,"8":1,"9":1,"10":1,"11":1,"12":1,"13":1,"14":1,"15":1,"16":1,"17":1,"18":1,"19":1,"20":1,"21":1},"branchMap":{"0":{"type":"branch","line":22,"loc":{"start":{"line":22,"column":21},"end":{"line":22,"column":21}},"locations":[{"start":{"line":22,"column":21},"end":{"line":22,"column":21}}]},"1":{"type":"branch","line":22,"loc":{"start":{"line":22,"column":21},"end":{"line":22,"column":21}},"locations":[{"start":{"line":22,"column":21},"end":{"line":22,"column":21}}]},"2":{"type":"branch","line":22,"loc":{"start":{"line":22,"column":21},"end":{"line":22,"column":21}},"locations":[{"start":{"line":22,"column":21},"end":{"line":22,"column":21}}]},"3":{"type":"branch","line":22,"loc":{"start":{"line":22,"column":21},"end":{"line":22,"column":21}},"locations":[{"start":{"line":22,"column":21},"end":{"line":22,"column":21}}]},"4":{"type":"branch","line":22,"loc":{"start":{"line":22,"column":21},"end":{"line":22,"column":21}},"locations":[{"start":{"line":22,"column":21},"end":{"line":22,"column":21}}]},"5":{"type":"branch","line":22,"loc":{"start":{"line":22,"column":21},"end":{"line":22,"column":21}},"locations":[{"start":{"line":22,"column":21},"end":{"line":22,"column":21}}]},"6":{"type":"branch","line":22,"loc":{"start":{"line":22,"column":21},"end":{"line":22,"column":21}},"locations":[{"start":{"line":22,"column":21},"end":{"line":22,"column":21}}]},"7":{"type":"branch","line":22,"loc":{"start":{"line":22,"column":21},"end":{"line":22,"column":21}},"locations":[{"start":{"line":22,"column":21},"end":{"line":22,"column":21}}]},"8":{"type":"branch","line":22,"loc":{"start":{"line":22,"column":21},"end":{"line":22,"column":21}},"locations":[{"start":{"line":22,"column":21},"end":{"line":22,"column":21}}]},"9":{"type":"branch","line":22,"loc":{"start":{"line":22,"column":21},"end":{"line":22,"column":21}},"locations":[{"start":{"line":22,"column":21},"end":{"line":22,"column":21}}]},"10":{"type":"branch","line":22,"loc":{"start":{"line":22,"column":21},"end":{"line":22,"column":21}},"locations":[{"start":{"line":22,"column":21},"end":{"line":22,"column":21}}]},"11":{"type":"branch","line":22,"loc":{"start":{"line":22,"column":21},"end":{"line":22,"column":21}},"locations":[{"start":{"line":22,"column":21},"end":{"line":22,"column":21}}]},"12":{"type":"branch","line":8,"loc":{"start":{"line":8,"column":14},"end":{"line":8,"column":6}},"locations":[{"start":{"line":8,"column":14},"end":{"line":8,"column":6}}]}},"b":{"0":[1],"1":[1],"2":[2],"3":[1],"4":[1],"5":[3],"6":[0],"7":[0],"8":[3],"9":[0],"10":[6],"11":[3],"12":[3]},"fnMap":{"0":{"name":"Object.<anonymous>","decl":{"start":{"line":22,"column":21},"end":{"line":22,"column":21}},"loc":{"start":{"line":22,"column":21},"end":{"line":22,"column":21}},"line":22},"1":{"name":"_interopRequireDefault","decl":{"start":{"line":22,"column":21},"end":{"line":22,"column":21}},"loc":{"start":{"line":22,"column":21},"end":{"line":22,"column":21}},"line":22},"2":{"name":"_objectWithoutProperties","decl":{"start":{"line":22,"column":21},"end":{"line":22,"column":21}},"loc":{"start":{"line":22,"column":21},"end":{"line":22,"column":21}},"line":22},"3":{"name":"_objectWithoutPropertiesLoose","decl":{"start":{"line":22,"column":21},"end":{"line":22,"column":21}},"loc":{"start":{"line":22,"column":21},"end":{"line":22,"column":21}},"line":22},"4":{"name":"Modal","decl":{"start":{"line":8,"column":14},"end":{"line":8,"column":6}},"loc":{"start":{"line":8,"column":14},"end":{"line":8,"column":6}},"line":8}},"f":{"0":1,"1":2,"2":3,"3":3,"4":3}}
,"C:\\projects\\react-mentoring-program\\src\\components\\Overlay\\Overlay.jsx": {"path":"C:\\projects\\react-mentoring-program\\src\\components\\Overlay\\Overlay.jsx","statementMap":{"0":{"start":{"line":1,"column":0},"end":{"line":1,"column":26}},"1":{"start":{"line":2,"column":0},"end":{"line":2,"column":0}},"2":{"start":{"line":3,"column":0},"end":{"line":3,"column":24}},"3":{"start":{"line":4,"column":0},"end":{"line":4,"column":0}},"4":{"start":{"line":5,"column":0},"end":{"line":5,"column":28}},"5":{"start":{"line":6,"column":0},"end":{"line":6,"column":31}},"6":{"start":{"line":7,"column":0},"end":{"line":7,"column":24}},"7":{"start":{"line":8,"column":0},"end":{"line":8,"column":10}},"8":{"start":{"line":9,"column":0},"end":{"line":9,"column":2}},"9":{"start":{"line":10,"column":0},"end":{"line":10,"column":0}},"10":{"start":{"line":11,"column":0},"end":{"line":11,"column":23}}},"s":{"0":1,"1":1,"2":1,"3":1,"4":1,"5":1,"6":1,"7":1,"8":1,"9":1,"10":1},"branchMap":{"0":{"type":"branch","line":11,"loc":{"start":{"line":11,"column":23},"end":{"line":11,"column":23}},"locations":[{"start":{"line":11,"column":23},"end":{"line":11,"column":23}}]},"1":{"type":"branch","line":11,"loc":{"start":{"line":11,"column":23},"end":{"line":11,"column":23}},"locations":[{"start":{"line":11,"column":23},"end":{"line":11,"column":23}}]},"2":{"type":"branch","line":11,"loc":{"start":{"line":11,"column":23},"end":{"line":11,"column":23}},"locations":[{"start":{"line":11,"column":23},"end":{"line":11,"column":23}}]},"3":{"type":"branch","line":11,"loc":{"start":{"line":11,"column":23},"end":{"line":11,"column":23}},"locations":[{"start":{"line":11,"column":23},"end":{"line":11,"column":23}}]},"4":{"type":"branch","line":5,"loc":{"start":{"line":5,"column":16},"end":{"line":5,"column":6}},"locations":[{"start":{"line":5,"column":16},"end":{"line":5,"column":6}}]}},"b":{"0":[1],"1":[1],"2":[1],"3":[0],"4":[3]},"fnMap":{"0":{"name":"Object.<anonymous>","decl":{"start":{"line":11,"column":23},"end":{"line":11,"column":23}},"loc":{"start":{"line":11,"column":23},"end":{"line":11,"column":23}},"line":11},"1":{"name":"_interopRequireDefault","decl":{"start":{"line":11,"column":23},"end":{"line":11,"column":23}},"loc":{"start":{"line":11,"column":23},"end":{"line":11,"column":23}},"line":11},"2":{"name":"Overlay","decl":{"start":{"line":5,"column":16},"end":{"line":5,"column":6}},"loc":{"start":{"line":5,"column":16},"end":{"line":5,"column":6}},"line":5}},"f":{"0":1,"1":1,"2":3}}
,"C:\\projects\\react-mentoring-program\\src\\containers\\Home\\AddMovieModal.jsx": {"path":"C:\\projects\\react-mentoring-program\\src\\containers\\Home\\AddMovieModal.jsx","statementMap":{"0":{"start":{"line":1,"column":0},"end":{"line":1,"column":40}},"1":{"start":{"line":2,"column":0},"end":{"line":2,"column":38}},"2":{"start":{"line":3,"column":0},"end":{"line":3,"column":0}},"3":{"start":{"line":4,"column":0},"end":{"line":4,"column":49}},"4":{"start":{"line":5,"column":0},"end":{"line":5,"column":0}},"5":{"start":{"line":6,"column":0},"end":{"line":6,"column":30}},"6":{"start":{"line":7,"column":0},"end":{"line":7,"column":0}},"7":{"start":{"line":8,"column":0},"end":{"line":8,"column":36}},"8":{"start":{"line":9,"column":0},"end":{"line":9,"column":60}},"9":{"start":{"line":10,"column":0},"end":{"line":10,"column":64}},"10":{"start":{"line":11,"column":0},"end":{"line":11,"column":0}},"11":{"start":{"line":12,"column":0},"end":{"line":12,"column":0}},"12":{"start":{"line":13,"column":0},"end":{"line":13,"column":31}},"13":{"start":{"line":14,"column":0},"end":{"line":14,"column":17}},"14":{"start":{"line":15,"column":0},"end":{"line":15,"column":21}},"15":{"start":{"line":16,"column":0},"end":{"line":16,"column":7}},"16":{"start":{"line":17,"column":0},"end":{"line":17,"column":37}},"17":{"start":{"line":18,"column":0},"end":{"line":18,"column":32}},"18":{"start":{"line":19,"column":0},"end":{"line":19,"column":23}},"19":{"start":{"line":20,"column":0},"end":{"line":20,"column":6}},"20":{"start":{"line":21,"column":0},"end":{"line":21,"column":0}},"21":{"start":{"line":22,"column":0},"end":{"line":22,"column":12}},"22":{"start":{"line":23,"column":0},"end":{"line":23,"column":43}},"23":{"start":{"line":24,"column":0},"end":{"line":24,"column":75}},"24":{"start":{"line":25,"column":0},"end":{"line":25,"column":49}},"25":{"start":{"line":26,"column":0},"end":{"line":26,"column":16}},"26":{"start":{"line":27,"column":0},"end":{"line":27,"column":6}},"27":{"start":{"line":28,"column":0},"end":{"line":28,"column":1}},"28":{"start":{"line":29,"column":0},"end":{"line":29,"column":0}},"29":{"start":{"line":30,"column":0},"end":{"line":30,"column":40}},"30":{"start":{"line":31,"column":0},"end":{"line":31,"column":0}},"31":{"start":{"line":32,"column":0},"end":{"line":32,"column":28}},"32":{"start":{"line":33,"column":0},"end":{"line":33,"column":45}},"33":{"start":{"line":34,"column":0},"end":{"line":34,"column":2}},"34":{"start":{"line":35,"column":0},"end":{"line":35,"column":0}},"35":{"start":{"line":36,"column":0},"end":{"line":36,"column":23}},"36":{"start":{"line":37,"column":0},"end":{"line":37,"column":20}},"37":{"start":{"line":38,"column":0},"end":{"line":38,"column":22}},"38":{"start":{"line":39,"column":0},"end":{"line":39,"column":17}}},"s":{"0":1,"1":1,"2":1,"3":1,"4":1,"5":1,"6":1,"7":1,"8":1,"9":1,"10":1,"11":1,"12":1,"13":1,"14":1,"15":1,"16":1,"17":1,"18":1,"19":1,"20":1,"21":1,"22":1,"23":1,"24":1,"25":1,"26":1,"27":1,"28":1,"29":1,"30":1,"31":1,"32":1,"33":1,"34":1,"35":1,"36":1,"37":1,"38":1},"branchMap":{"0":{"type":"branch","line":39,"loc":{"start":{"line":39,"column":17},"end":{"line":39,"column":17}},"locations":[{"start":{"line":39,"column":17},"end":{"line":39,"column":17}}]},"1":{"type":"branch","line":39,"loc":{"start":{"line":39,"column":17},"end":{"line":39,"column":17}},"locations":[{"start":{"line":39,"column":17},"end":{"line":39,"column":17}}]},"2":{"type":"branch","line":39,"loc":{"start":{"line":39,"column":17},"end":{"line":39,"column":17}},"locations":[{"start":{"line":39,"column":17},"end":{"line":39,"column":17}}]},"3":{"type":"branch","line":39,"loc":{"start":{"line":39,"column":17},"end":{"line":39,"column":17}},"locations":[{"start":{"line":39,"column":17},"end":{"line":39,"column":17}}]},"4":{"type":"branch","line":39,"loc":{"start":{"line":39,"column":17},"end":{"line":39,"column":17}},"locations":[{"start":{"line":39,"column":17},"end":{"line":39,"column":17}}]},"5":{"type":"branch","line":39,"loc":{"start":{"line":39,"column":17},"end":{"line":39,"column":17}},"locations":[{"start":{"line":39,"column":17},"end":{"line":39,"column":17}}]},"6":{"type":"branch","line":39,"loc":{"start":{"line":39,"column":17},"end":{"line":39,"column":17}},"locations":[{"start":{"line":39,"column":17},"end":{"line":39,"column":17}}]},"7":{"type":"branch","line":39,"loc":{"start":{"line":39,"column":17},"end":{"line":39,"column":17}},"locations":[{"start":{"line":39,"column":17},"end":{"line":39,"column":17}}]},"8":{"type":"branch","line":39,"loc":{"start":{"line":39,"column":17},"end":{"line":39,"column":17}},"locations":[{"start":{"line":39,"column":17},"end":{"line":39,"column":17}}]},"9":{"type":"branch","line":39,"loc":{"start":{"line":39,"column":17},"end":{"line":39,"column":17}},"locations":[{"start":{"line":39,"column":17},"end":{"line":39,"column":17}}]},"10":{"type":"branch","line":39,"loc":{"start":{"line":39,"column":17},"end":{"line":39,"column":17}},"locations":[{"start":{"line":39,"column":17},"end":{"line":39,"column":17}}]},"11":{"type":"branch","line":39,"loc":{"start":{"line":39,"column":17},"end":{"line":39,"column":17}},"locations":[{"start":{"line":39,"column":17},"end":{"line":39,"column":17}}]},"12":{"type":"branch","line":39,"loc":{"start":{"line":39,"column":17},"end":{"line":39,"column":17}},"locations":[{"start":{"line":39,"column":17},"end":{"line":39,"column":17}}]},"13":{"type":"branch","line":39,"loc":{"start":{"line":39,"column":17},"end":{"line":39,"column":17}},"locations":[{"start":{"line":39,"column":17},"end":{"line":39,"column":17}}]},"14":{"type":"branch","line":39,"loc":{"start":{"line":39,"column":17},"end":{"line":39,"column":17}},"locations":[{"start":{"line":39,"column":17},"end":{"line":39,"column":17}}]},"15":{"type":"branch","line":39,"loc":{"start":{"line":39,"column":17},"end":{"line":39,"column":17}},"locations":[{"start":{"line":39,"column":17},"end":{"line":39,"column":17}}]},"16":{"type":"branch","line":39,"loc":{"start":{"line":39,"column":17},"end":{"line":39,"column":17}},"locations":[{"start":{"line":39,"column":17},"end":{"line":39,"column":17}}]},"17":{"type":"branch","line":39,"loc":{"start":{"line":39,"column":17},"end":{"line":39,"column":17}},"locations":[{"start":{"line":39,"column":17},"end":{"line":39,"column":17}}]},"18":{"type":"branch","line":39,"loc":{"start":{"line":39,"column":17},"end":{"line":39,"column":17}},"locations":[{"start":{"line":39,"column":17},"end":{"line":39,"column":17}}]},"19":{"type":"branch","line":39,"loc":{"start":{"line":39,"column":17},"end":{"line":39,"column":17}},"locations":[{"start":{"line":39,"column":17},"end":{"line":39,"column":17}}]},"20":{"type":"branch","line":39,"loc":{"start":{"line":39,"column":17},"end":{"line":39,"column":17}},"locations":[{"start":{"line":39,"column":17},"end":{"line":39,"column":17}}]},"21":{"type":"branch","line":13,"loc":{"start":{"line":13,"column":29},"end":{"line":13,"column":13}},"locations":[{"start":{"line":13,"column":29},"end":{"line":13,"column":13}}]},"22":{"type":"branch","line":17,"loc":{"start":{"line":17,"column":25},"end":{"line":20,"column":6}},"locations":[{"start":{"line":17,"column":25},"end":{"line":20,"column":6}}]}},"b":{"0":[1],"1":[1],"2":[1],"3":[0],"4":[1],"5":[2],"6":[0],"7":[1],"8":[0],"9":[3],"10":[2],"11":[1],"12":[0],"13":[0],"14":[1],"15":[0],"16":[1],"17":[28],"18":[0],"19":[0],"20":[1],"21":[3],"22":[1]},"fnMap":{"0":{"name":"Object.<anonymous>","decl":{"start":{"line":39,"column":17},"end":{"line":39,"column":17}},"loc":{"start":{"line":39,"column":17},"end":{"line":39,"column":17}},"line":39},"1":{"name":"_typeof","decl":{"start":{"line":39,"column":17},"end":{"line":39,"column":17}},"loc":{"start":{"line":39,"column":17},"end":{"line":39,"column":17}},"line":39},"2":{"name":"_typeof","decl":{"start":{"line":39,"column":17},"end":{"line":39,"column":17}},"loc":{"start":{"line":39,"column":17},"end":{"line":39,"column":17}},"line":39},"3":{"name":"_typeof","decl":{"start":{"line":39,"column":17},"end":{"line":39,"column":17}},"loc":{"start":{"line":39,"column":17},"end":{"line":39,"column":17}},"line":39},"4":{"name":"_interopRequireDefault","decl":{"start":{"line":39,"column":17},"end":{"line":39,"column":17}},"loc":{"start":{"line":39,"column":17},"end":{"line":39,"column":17}},"line":39},"5":{"name":"_getRequireWildcardCache","decl":{"start":{"line":39,"column":17},"end":{"line":39,"column":17}},"loc":{"start":{"line":39,"column":17},"end":{"line":39,"column":17}},"line":39},"6":{"name":"_getRequireWildcardCache","decl":{"start":{"line":39,"column":17},"end":{"line":39,"column":17}},"loc":{"start":{"line":39,"column":17},"end":{"line":39,"column":17}},"line":39},"7":{"name":"_interopRequireWildcard","decl":{"start":{"line":39,"column":17},"end":{"line":39,"column":17}},"loc":{"start":{"line":39,"column":17},"end":{"line":39,"column":17}},"line":39},"8":{"name":"AddMovieModal","decl":{"start":{"line":13,"column":29},"end":{"line":13,"column":13}},"loc":{"start":{"line":13,"column":29},"end":{"line":13,"column":13}},"line":13},"9":{"name":"handleSubmit","decl":{"start":{"line":17,"column":25},"end":{"line":20,"column":6}},"loc":{"start":{"line":17,"column":25},"end":{"line":20,"column":6}},"line":17},"10":{"name":"mapStateToProps","decl":{"start":{"line":30,"column":24},"end":{"line":30,"column":6}},"loc":{"start":{"line":30,"column":24},"end":{"line":30,"column":6}},"line":30}},"f":{"0":1,"1":1,"2":1,"3":0,"4":2,"5":1,"6":0,"7":3,"8":3,"9":1,"10":0}}
,"C:\\projects\\react-mentoring-program\\src\\containers\\Home\\MovieForm.jsx": {"path":"C:\\projects\\react-mentoring-program\\src\\containers\\Home\\MovieForm.jsx","statementMap":{"0":{"start":{"line":1,"column":0},"end":{"line":1,"column":40}},"1":{"start":{"line":2,"column":0},"end":{"line":2,"column":59}},"2":{"start":{"line":3,"column":0},"end":{"line":3,"column":27}},"3":{"start":{"line":4,"column":0},"end":{"line":4,"column":0}},"4":{"start":{"line":5,"column":0},"end":{"line":5,"column":35}},"5":{"start":{"line":6,"column":0},"end":{"line":6,"column":51}},"6":{"start":{"line":7,"column":0},"end":{"line":7,"column":0}},"7":{"start":{"line":8,"column":0},"end":{"line":8,"column":49}},"8":{"start":{"line":9,"column":0},"end":{"line":9,"column":52}},"9":{"start":{"line":10,"column":0},"end":{"line":10,"column":0}},"10":{"start":{"line":11,"column":0},"end":{"line":11,"column":26}},"11":{"start":{"line":12,"column":0},"end":{"line":12,"column":0}},"12":{"start":{"line":13,"column":0},"end":{"line":13,"column":0}},"13":{"start":{"line":14,"column":0},"end":{"line":14,"column":44}},"14":{"start":{"line":15,"column":0},"end":{"line":15,"column":42}},"15":{"start":{"line":16,"column":0},"end":{"line":16,"column":0}},"16":{"start":{"line":17,"column":0},"end":{"line":17,"column":12}},"17":{"start":{"line":18,"column":0},"end":{"line":18,"column":50}},"18":{"start":{"line":19,"column":0},"end":{"line":19,"column":19}},"19":{"start":{"line":20,"column":0},"end":{"line":20,"column":18}},"20":{"start":{"line":21,"column":0},"end":{"line":21,"column":26}},"21":{"start":{"line":22,"column":0},"end":{"line":22,"column":26}},"22":{"start":{"line":23,"column":0},"end":{"line":23,"column":14}},"23":{"start":{"line":24,"column":0},"end":{"line":24,"column":43}},"24":{"start":{"line":25,"column":0},"end":{"line":25,"column":56}},"25":{"start":{"line":26,"column":0},"end":{"line":26,"column":32}},"26":{"start":{"line":27,"column":0},"end":{"line":27,"column":22}},"27":{"start":{"line":28,"column":0},"end":{"line":28,"column":21}},"28":{"start":{"line":29,"column":0},"end":{"line":29,"column":16}},"29":{"start":{"line":30,"column":0},"end":{"line":30,"column":6}},"30":{"start":{"line":31,"column":0},"end":{"line":31,"column":2}},"31":{"start":{"line":32,"column":0},"end":{"line":32,"column":0}},"32":{"start":{"line":33,"column":0},"end":{"line":33,"column":0}},"33":{"start":{"line":34,"column":0},"end":{"line":34,"column":50}},"34":{"start":{"line":35,"column":0},"end":{"line":35,"column":19}},"35":{"start":{"line":36,"column":0},"end":{"line":36,"column":24}},"36":{"start":{"line":37,"column":0},"end":{"line":37,"column":22}},"37":{"start":{"line":38,"column":0},"end":{"line":38,"column":25}},"38":{"start":{"line":39,"column":0},"end":{"line":39,"column":28}},"39":{"start":{"line":40,"column":0},"end":{"line":40,"column":27}},"40":{"start":{"line":41,"column":0},"end":{"line":41,"column":24}},"41":{"start":{"line":42,"column":0},"end":{"line":42,"column":21}},"42":{"start":{"line":43,"column":0},"end":{"line":43,"column":57}},"43":{"start":{"line":44,"column":0},"end":{"line":44,"column":10}},"44":{"start":{"line":45,"column":0},"end":{"line":45,"column":38}},"45":{"start":{"line":46,"column":0},"end":{"line":46,"column":62}},"46":{"start":{"line":47,"column":0},"end":{"line":47,"column":68}},"47":{"start":{"line":48,"column":0},"end":{"line":48,"column":36}},"48":{"start":{"line":49,"column":0},"end":{"line":49,"column":81}},"49":{"start":{"line":50,"column":0},"end":{"line":50,"column":75}},"50":{"start":{"line":51,"column":0},"end":{"line":51,"column":53}},"51":{"start":{"line":52,"column":0},"end":{"line":52,"column":83}},"52":{"start":{"line":53,"column":0},"end":{"line":53,"column":63}},"53":{"start":{"line":54,"column":0},"end":{"line":54,"column":74}},"54":{"start":{"line":55,"column":0},"end":{"line":55,"column":11}},"55":{"start":{"line":56,"column":0},"end":{"line":56,"column":50}},"56":{"start":{"line":57,"column":0},"end":{"line":57,"column":27}},"57":{"start":{"line":58,"column":0},"end":{"line":58,"column":26}},"58":{"start":{"line":59,"column":0},"end":{"line":59,"column":84}},"59":{"start":{"line":60,"column":0},"end":{"line":60,"column":48}},"60":{"start":{"line":61,"column":0},"end":{"line":61,"column":14}},"61":{"start":{"line":62,"column":0},"end":{"line":62,"column":28}},"62":{"start":{"line":63,"column":0},"end":{"line":63,"column":10}},"63":{"start":{"line":64,"column":0},"end":{"line":64,"column":5}},"64":{"start":{"line":65,"column":0},"end":{"line":65,"column":22}},"65":{"start":{"line":66,"column":0},"end":{"line":66,"column":62}},"66":{"start":{"line":67,"column":0},"end":{"line":67,"column":36}},"67":{"start":{"line":68,"column":0},"end":{"line":68,"column":77}},"68":{"start":{"line":69,"column":0},"end":{"line":69,"column":24}},"69":{"start":{"line":70,"column":0},"end":{"line":70,"column":17}},"70":{"start":{"line":71,"column":0},"end":{"line":71,"column":68}},"71":{"start":{"line":72,"column":0},"end":{"line":72,"column":74}},"72":{"start":{"line":73,"column":0},"end":{"line":73,"column":81}},"73":{"start":{"line":74,"column":0},"end":{"line":74,"column":83}},"74":{"start":{"line":75,"column":0},"end":{"line":75,"column":70}},"75":{"start":{"line":76,"column":0},"end":{"line":76,"column":75}},"76":{"start":{"line":77,"column":0},"end":{"line":77,"column":58}},"77":{"start":{"line":78,"column":0},"end":{"line":78,"column":77}},"78":{"start":{"line":79,"column":0},"end":{"line":79,"column":75}},"79":{"start":{"line":80,"column":0},"end":{"line":80,"column":22}},"80":{"start":{"line":81,"column":0},"end":{"line":81,"column":19}},"81":{"start":{"line":82,"column":0},"end":{"line":82,"column":10}},"82":{"start":{"line":83,"column":0},"end":{"line":83,"column":14}},"83":{"start":{"line":84,"column":0},"end":{"line":84,"column":2}},"84":{"start":{"line":85,"column":0},"end":{"line":85,"column":0}},"85":{"start":{"line":86,"column":0},"end":{"line":86,"column":23}},"86":{"start":{"line":87,"column":0},"end":{"line":87,"column":51}},"87":{"start":{"line":88,"column":0},"end":{"line":88,"column":40}},"88":{"start":{"line":89,"column":0},"end":{"line":89,"column":2}},"89":{"start":{"line":90,"column":0},"end":{"line":90,"column":0}},"90":{"start":{"line":91,"column":0},"end":{"line":91,"column":25}}},"s":{"0":1,"1":1,"2":1,"3":1,"4":1,"5":1,"6":1,"7":1,"8":1,"9":1,"10":1,"11":1,"12":1,"13":1,"14":1,"15":1,"16":1,"17":1,"18":1,"19":1,"20":1,"21":1,"22":1,"23":1,"24":473,"25":473,"26":473,"27":473,"28":1,"29":1,"30":1,"31":1,"32":1,"33":1,"34":1,"35":1,"36":1,"37":1,"38":1,"39":1,"40":1,"41":1,"42":1,"43":1,"44":1,"45":1,"46":1,"47":1,"48":1,"49":1,"50":18,"51":18,"52":1,"53":1,"54":1,"55":1,"56":1,"57":1,"58":1,"59":1,"60":1,"61":1,"62":1,"63":1,"64":1,"65":1,"66":1,"67":1,"68":1,"69":1,"70":1,"71":1,"72":1,"73":1,"74":1,"75":1,"76":1,"77":1,"78":1,"79":1,"80":1,"81":1,"82":1,"83":1,"84":1,"85":1,"86":1,"87":1,"88":1,"89":1,"90":1},"branchMap":{"0":{"type":"branch","line":91,"loc":{"start":{"line":91,"column":25},"end":{"line":91,"column":25}},"locations":[{"start":{"line":91,"column":25},"end":{"line":91,"column":25}}]},"1":{"type":"branch","line":91,"loc":{"start":{"line":91,"column":25},"end":{"line":91,"column":25}},"locations":[{"start":{"line":91,"column":25},"end":{"line":91,"column":25}}]},"2":{"type":"branch","line":91,"loc":{"start":{"line":91,"column":25},"end":{"line":91,"column":25}},"locations":[{"start":{"line":91,"column":25},"end":{"line":91,"column":25}}]},"3":{"type":"branch","line":91,"loc":{"start":{"line":91,"column":25},"end":{"line":91,"column":25}},"locations":[{"start":{"line":91,"column":25},"end":{"line":91,"column":25}}]},"4":{"type":"branch","line":91,"loc":{"start":{"line":91,"column":25},"end":{"line":91,"column":25}},"locations":[{"start":{"line":91,"column":25},"end":{"line":91,"column":25}}]},"5":{"type":"branch","line":91,"loc":{"start":{"line":91,"column":25},"end":{"line":91,"column":25}},"locations":[{"start":{"line":91,"column":25},"end":{"line":91,"column":25}}]},"6":{"type":"branch","line":91,"loc":{"start":{"line":91,"column":25},"end":{"line":91,"column":25}},"locations":[{"start":{"line":91,"column":25},"end":{"line":91,"column":25}}]},"7":{"type":"branch","line":91,"loc":{"start":{"line":91,"column":25},"end":{"line":91,"column":25}},"locations":[{"start":{"line":91,"column":25},"end":{"line":91,"column":25}}]},"8":{"type":"branch","line":91,"loc":{"start":{"line":91,"column":25},"end":{"line":91,"column":25}},"locations":[{"start":{"line":91,"column":25},"end":{"line":91,"column":25}}]},"9":{"type":"branch","line":91,"loc":{"start":{"line":91,"column":25},"end":{"line":91,"column":25}},"locations":[{"start":{"line":91,"column":25},"end":{"line":91,"column":25}}]},"10":{"type":"branch","line":91,"loc":{"start":{"line":91,"column":25},"end":{"line":91,"column":25}},"locations":[{"start":{"line":91,"column":25},"end":{"line":91,"column":25}}]},"11":{"type":"branch","line":91,"loc":{"start":{"line":91,"column":25},"end":{"line":91,"column":25}},"locations":[{"start":{"line":91,"column":25},"end":{"line":91,"column":25}}]},"12":{"type":"branch","line":91,"loc":{"start":{"line":91,"column":25},"end":{"line":91,"column":25}},"locations":[{"start":{"line":91,"column":25},"end":{"line":91,"column":25}}]},"13":{"type":"branch","line":91,"loc":{"start":{"line":91,"column":25},"end":{"line":91,"column":25}},"locations":[{"start":{"line":91,"column":25},"end":{"line":91,"column":25}}]},"14":{"type":"branch","line":91,"loc":{"start":{"line":91,"column":25},"end":{"line":91,"column":25}},"locations":[{"start":{"line":91,"column":25},"end":{"line":91,"column":25}}]},"15":{"type":"branch","line":91,"loc":{"start":{"line":91,"column":25},"end":{"line":91,"column":25}},"locations":[{"start":{"line":91,"column":25},"end":{"line":91,"column":25}}]},"16":{"type":"branch","line":91,"loc":{"start":{"line":91,"column":25},"end":{"line":91,"column":25}},"locations":[{"start":{"line":91,"column":25},"end":{"line":91,"column":25}}]},"17":{"type":"branch","line":91,"loc":{"start":{"line":91,"column":25},"end":{"line":91,"column":25}},"locations":[{"start":{"line":91,"column":25},"end":{"line":91,"column":25}}]},"18":{"type":"branch","line":91,"loc":{"start":{"line":91,"column":25},"end":{"line":91,"column":25}},"locations":[{"start":{"line":91,"column":25},"end":{"line":91,"column":25}}]},"19":{"type":"branch","line":91,"loc":{"start":{"line":91,"column":25},"end":{"line":91,"column":25}},"locations":[{"start":{"line":91,"column":25},"end":{"line":91,"column":25}}]},"20":{"type":"branch","line":91,"loc":{"start":{"line":91,"column":25},"end":{"line":91,"column":25}},"locations":[{"start":{"line":91,"column":25},"end":{"line":91,"column":25}}]},"21":{"type":"branch","line":91,"loc":{"start":{"line":91,"column":25},"end":{"line":91,"column":25}},"locations":[{"start":{"line":91,"column":25},"end":{"line":91,"column":25}}]},"22":{"type":"branch","line":91,"loc":{"start":{"line":91,"column":25},"end":{"line":91,"column":25}},"locations":[{"start":{"line":91,"column":25},"end":{"line":91,"column":25}}]},"23":{"type":"branch","line":91,"loc":{"start":{"line":91,"column":25},"end":{"line":91,"column":25}},"locations":[{"start":{"line":91,"column":25},"end":{"line":91,"column":25}}]},"24":{"type":"branch","line":91,"loc":{"start":{"line":91,"column":25},"end":{"line":91,"column":25}},"locations":[{"start":{"line":91,"column":25},"end":{"line":91,"column":25}}]},"25":{"type":"branch","line":91,"loc":{"start":{"line":91,"column":25},"end":{"line":91,"column":25}},"locations":[{"start":{"line":91,"column":25},"end":{"line":91,"column":25}}]},"26":{"type":"branch","line":91,"loc":{"start":{"line":91,"column":25},"end":{"line":91,"column":25}},"locations":[{"start":{"line":91,"column":25},"end":{"line":91,"column":25}}]},"27":{"type":"branch","line":91,"loc":{"start":{"line":91,"column":25},"end":{"line":91,"column":25}},"locations":[{"start":{"line":91,"column":25},"end":{"line":91,"column":25}}]},"28":{"type":"branch","line":91,"loc":{"start":{"line":91,"column":25},"end":{"line":91,"column":25}},"locations":[{"start":{"line":91,"column":25},"end":{"line":91,"column":25}}]},"29":{"type":"branch","line":91,"loc":{"start":{"line":91,"column":25},"end":{"line":91,"column":25}},"locations":[{"start":{"line":91,"column":25},"end":{"line":91,"column":25}}]},"30":{"type":"branch","line":91,"loc":{"start":{"line":91,"column":25},"end":{"line":91,"column":25}},"locations":[{"start":{"line":91,"column":25},"end":{"line":91,"column":25}}]},"31":{"type":"branch","line":91,"loc":{"start":{"line":91,"column":25},"end":{"line":91,"column":25}},"locations":[{"start":{"line":91,"column":25},"end":{"line":91,"column":25}}]},"32":{"type":"branch","line":91,"loc":{"start":{"line":91,"column":25},"end":{"line":91,"column":25}},"locations":[{"start":{"line":91,"column":25},"end":{"line":91,"column":25}}]},"33":{"type":"branch","line":91,"loc":{"start":{"line":91,"column":25},"end":{"line":91,"column":25}},"locations":[{"start":{"line":91,"column":25},"end":{"line":91,"column":25}}]},"34":{"type":"branch","line":91,"loc":{"start":{"line":91,"column":25},"end":{"line":91,"column":25}},"locations":[{"start":{"line":91,"column":25},"end":{"line":91,"column":25}}]},"35":{"type":"branch","line":91,"loc":{"start":{"line":91,"column":25},"end":{"line":91,"column":25}},"locations":[{"start":{"line":91,"column":25},"end":{"line":91,"column":25}}]},"36":{"type":"branch","line":91,"loc":{"start":{"line":91,"column":25},"end":{"line":91,"column":25}},"locations":[{"start":{"line":91,"column":25},"end":{"line":91,"column":25}}]},"37":{"type":"branch","line":91,"loc":{"start":{"line":91,"column":25},"end":{"line":91,"column":25}},"locations":[{"start":{"line":91,"column":25},"end":{"line":91,"column":25}}]},"38":{"type":"branch","line":91,"loc":{"start":{"line":91,"column":25},"end":{"line":91,"column":25}},"locations":[{"start":{"line":91,"column":25},"end":{"line":91,"column":25}}]},"39":{"type":"branch","line":91,"loc":{"start":{"line":91,"column":25},"end":{"line":91,"column":25}},"locations":[{"start":{"line":91,"column":25},"end":{"line":91,"column":25}}]},"40":{"type":"branch","line":91,"loc":{"start":{"line":91,"column":25},"end":{"line":91,"column":25}},"locations":[{"start":{"line":91,"column":25},"end":{"line":91,"column":25}}]},"41":{"type":"branch","line":91,"loc":{"start":{"line":91,"column":25},"end":{"line":91,"column":25}},"locations":[{"start":{"line":91,"column":25},"end":{"line":91,"column":25}}]},"42":{"type":"branch","line":91,"loc":{"start":{"line":91,"column":25},"end":{"line":91,"column":25}},"locations":[{"start":{"line":91,"column":25},"end":{"line":91,"column":25}}]},"43":{"type":"branch","line":91,"loc":{"start":{"line":91,"column":25},"end":{"line":91,"column":25}},"locations":[{"start":{"line":91,"column":25},"end":{"line":91,"column":25}}]},"44":{"type":"branch","line":91,"loc":{"start":{"line":91,"column":25},"end":{"line":91,"column":25}},"locations":[{"start":{"line":91,"column":25},"end":{"line":91,"column":25}}]},"45":{"type":"branch","line":91,"loc":{"start":{"line":91,"column":25},"end":{"line":91,"column":25}},"locations":[{"start":{"line":91,"column":25},"end":{"line":91,"column":25}}]},"46":{"type":"branch","line":91,"loc":{"start":{"line":91,"column":25},"end":{"line":91,"column":25}},"locations":[{"start":{"line":91,"column":25},"end":{"line":91,"column":25}}]},"47":{"type":"branch","line":14,"loc":{"start":{"line":14,"column":18},"end":{"line":14,"column":6}},"locations":[{"start":{"line":14,"column":18},"end":{"line":14,"column":6}}]},"48":{"type":"branch","line":24,"loc":{"start":{"line":24,"column":13},"end":{"line":24,"column":43}},"locations":[{"start":{"line":24,"column":13},"end":{"line":24,"column":43}}]},"49":{"type":"branch","line":24,"loc":{"start":{"line":24,"column":13},"end":{"line":25,"column":21}},"locations":[{"start":{"line":24,"column":13},"end":{"line":25,"column":21}}]},"50":{"type":"branch","line":24,"loc":{"start":{"line":24,"column":13},"end":{"line":28,"column":21}},"locations":[{"start":{"line":24,"column":13},"end":{"line":28,"column":21}}]},"51":{"type":"branch","line":34,"loc":{"start":{"line":34,"column":18},"end":{"line":34,"column":6}},"locations":[{"start":{"line":34,"column":18},"end":{"line":34,"column":6}}]},"52":{"type":"branch","line":43,"loc":{"start":{"line":43,"column":25},"end":{"line":43,"column":33}},"locations":[{"start":{"line":43,"column":25},"end":{"line":43,"column":33}}]},"53":{"type":"branch","line":50,"loc":{"start":{"line":50,"column":42},"end":{"line":53,"column":15}},"locations":[{"start":{"line":50,"column":42},"end":{"line":53,"column":15}}]},"54":{"type":"branch","line":51,"loc":{"start":{"line":51,"column":40},"end":{"line":51,"column":47}},"locations":[{"start":{"line":51,"column":40},"end":{"line":51,"column":47}}]},"55":{"type":"branch","line":52,"loc":{"start":{"line":52,"column":52},"end":{"line":52,"column":57}},"locations":[{"start":{"line":52,"column":52},"end":{"line":52,"column":57}}]},"56":{"type":"branch","line":56,"loc":{"start":{"line":56,"column":18},"end":{"line":63,"column":10}},"locations":[{"start":{"line":56,"column":18},"end":{"line":63,"column":10}}]},"57":{"type":"branch","line":59,"loc":{"start":{"line":59,"column":53},"end":{"line":59,"column":58}},"locations":[{"start":{"line":59,"column":53},"end":{"line":59,"column":58}}]},"58":{"type":"branch","line":65,"loc":{"start":{"line":65,"column":9},"end":{"line":65,"column":10}},"locations":[{"start":{"line":65,"column":9},"end":{"line":65,"column":10}}]},"59":{"type":"branch","line":67,"loc":{"start":{"line":67,"column":22},"end":{"line":67,"column":36}},"locations":[{"start":{"line":67,"column":22},"end":{"line":67,"column":36}}]},"60":{"type":"branch","line":67,"loc":{"start":{"line":67,"column":17},"end":{"line":68,"column":21}},"locations":[{"start":{"line":67,"column":17},"end":{"line":68,"column":21}}]}},"b":{"0":[1],"1":[1],"2":[1],"3":[0],"4":[1],"5":[3],"6":[2],"7":[1],"8":[1],"9":[0],"10":[2],"11":[1],"12":[0],"13":[0],"14":[1],"15":[0],"16":[1],"17":[28],"18":[0],"19":[0],"20":[1],"21":[8],"22":[8],"23":[12],"24":[9],"25":[3],"26":[8],"27":[4],"28":[0],"29":[6],"30":[6],"31":[0],"32":[1],"33":[0],"34":[486],"35":[0],"36":[0],"37":[0],"38":[486],"39":[486],"40":[0],"41":[0],"42":[486],"43":[0],"44":[1458],"45":[486],"46":[972],"47":[486],"48":[213],"49":[13],"50":[473],"51":[3],"52":[0],"53":[18],"54":[0],"55":[31],"56":[1],"57":[2],"58":[87],"59":[0],"60":[0]},"fnMap":{"0":{"name":"Object.<anonymous>","decl":{"start":{"line":91,"column":25},"end":{"line":91,"column":25}},"loc":{"start":{"line":91,"column":25},"end":{"line":91,"column":25}},"line":91},"1":{"name":"_typeof","decl":{"start":{"line":91,"column":25},"end":{"line":91,"column":25}},"loc":{"start":{"line":91,"column":25},"end":{"line":91,"column":25}},"line":91},"2":{"name":"_typeof","decl":{"start":{"line":91,"column":25},"end":{"line":91,"column":25}},"loc":{"start":{"line":91,"column":25},"end":{"line":91,"column":25}},"line":91},"3":{"name":"_typeof","decl":{"start":{"line":91,"column":25},"end":{"line":91,"column":25}},"loc":{"start":{"line":91,"column":25},"end":{"line":91,"column":25}},"line":91},"4":{"name":"_interopRequireDefault","decl":{"start":{"line":91,"column":25},"end":{"line":91,"column":25}},"loc":{"start":{"line":91,"column":25},"end":{"line":91,"column":25}},"line":91},"5":{"name":"_getRequireWildcardCache","decl":{"start":{"line":91,"column":25},"end":{"line":91,"column":25}},"loc":{"start":{"line":91,"column":25},"end":{"line":91,"column":25}},"line":91},"6":{"name":"_getRequireWildcardCache","decl":{"start":{"line":91,"column":25},"end":{"line":91,"column":25}},"loc":{"start":{"line":91,"column":25},"end":{"line":91,"column":25}},"line":91},"7":{"name":"_interopRequireWildcard","decl":{"start":{"line":91,"column":25},"end":{"line":91,"column":25}},"loc":{"start":{"line":91,"column":25},"end":{"line":91,"column":25}},"line":91},"8":{"name":"ownKeys","decl":{"start":{"line":91,"column":25},"end":{"line":91,"column":25}},"loc":{"start":{"line":91,"column":25},"end":{"line":91,"column":25}},"line":91},"9":{"name":"_objectSpread","decl":{"start":{"line":91,"column":25},"end":{"line":91,"column":25}},"loc":{"start":{"line":91,"column":25},"end":{"line":91,"column":25}},"line":91},"10":{"name":"_defineProperty","decl":{"start":{"line":91,"column":25},"end":{"line":91,"column":25}},"loc":{"start":{"line":91,"column":25},"end":{"line":91,"column":25}},"line":91},"11":{"name":"_extends","decl":{"start":{"line":91,"column":25},"end":{"line":91,"column":25}},"loc":{"start":{"line":91,"column":25},"end":{"line":91,"column":25}},"line":91},"12":{"name":"_extends","decl":{"start":{"line":91,"column":25},"end":{"line":91,"column":25}},"loc":{"start":{"line":91,"column":25},"end":{"line":91,"column":25}},"line":91},"13":{"name":"_slicedToArray","decl":{"start":{"line":91,"column":25},"end":{"line":91,"column":25}},"loc":{"start":{"line":91,"column":25},"end":{"line":91,"column":25}},"line":91},"14":{"name":"_nonIterableRest","decl":{"start":{"line":91,"column":25},"end":{"line":91,"column":25}},"loc":{"start":{"line":91,"column":25},"end":{"line":91,"column":25}},"line":91},"15":{"name":"_unsupportedIterableToArray","decl":{"start":{"line":91,"column":25},"end":{"line":91,"column":25}},"loc":{"start":{"line":91,"column":25},"end":{"line":91,"column":25}},"line":91},"16":{"name":"_arrayLikeToArray","decl":{"start":{"line":91,"column":25},"end":{"line":91,"column":25}},"loc":{"start":{"line":91,"column":25},"end":{"line":91,"column":25}},"line":91},"17":{"name":"_iterableToArrayLimit","decl":{"start":{"line":91,"column":25},"end":{"line":91,"column":25}},"loc":{"start":{"line":91,"column":25},"end":{"line":91,"column":25}},"line":91},"18":{"name":"_arrayWithHoles","decl":{"start":{"line":91,"column":25},"end":{"line":91,"column":25}},"loc":{"start":{"line":91,"column":25},"end":{"line":91,"column":25}},"line":91},"19":{"name":"_objectWithoutProperties","decl":{"start":{"line":91,"column":25},"end":{"line":91,"column":25}},"loc":{"start":{"line":91,"column":25},"end":{"line":91,"column":25}},"line":91},"20":{"name":"_objectWithoutPropertiesLoose","decl":{"start":{"line":91,"column":25},"end":{"line":91,"column":25}},"loc":{"start":{"line":91,"column":25},"end":{"line":91,"column":25}},"line":91},"21":{"name":"FormInput","decl":{"start":{"line":14,"column":18},"end":{"line":14,"column":6}},"loc":{"start":{"line":14,"column":18},"end":{"line":14,"column":6}},"line":14},"22":{"name":"MovieForm","decl":{"start":{"line":34,"column":18},"end":{"line":34,"column":6}},"loc":{"start":{"line":34,"column":18},"end":{"line":34,"column":6}},"line":34},"23":{"name":"onSubmit","decl":{"start":{"line":56,"column":18},"end":{"line":63,"column":10}},"loc":{"start":{"line":56,"column":18},"end":{"line":63,"column":10}},"line":56}},"f":{"0":1,"1":1,"2":1,"3":0,"4":3,"5":1,"6":0,"7":2,"8":8,"9":8,"10":6,"11":1,"12":0,"13":486,"14":0,"15":0,"16":0,"17":0,"18":486,"19":486,"20":486,"21":486,"22":3,"23":1}}
,"C:\\projects\\react-mentoring-program\\src\\propTypes\\index.js": {"path":"C:\\projects\\react-mentoring-program\\src\\propTypes\\index.js","statementMap":{"0":{"start":{"line":1,"column":0},"end":{"line":1,"column":24}},"1":{"start":{"line":2,"column":0},"end":{"line":2,"column":28}}},"s":{"0":1,"1":1},"branchMap":{"0":{"type":"branch","line":2,"loc":{"start":{"line":2,"column":28},"end":{"line":2,"column":28}},"locations":[{"start":{"line":2,"column":28},"end":{"line":2,"column":28}}]},"1":{"type":"branch","line":2,"loc":{"start":{"line":2,"column":28},"end":{"line":2,"column":28}},"locations":[{"start":{"line":2,"column":28},"end":{"line":2,"column":28}}]},"2":{"type":"branch","line":1,"loc":{"start":{"line":1,"column":0},"end":{"line":1,"column":24}},"locations":[{"start":{"line":1,"column":0},"end":{"line":1,"column":24}}]},"3":{"type":"branch","line":1,"loc":{"start":{"line":1,"column":0},"end":{"line":1,"column":24}},"locations":[{"start":{"line":1,"column":0},"end":{"line":1,"column":24}}]},"4":{"type":"branch","line":1,"loc":{"start":{"line":1,"column":0},"end":{"line":1,"column":24}},"locations":[{"start":{"line":1,"column":0},"end":{"line":1,"column":24}}]},"5":{"type":"branch","line":2,"loc":{"start":{"line":2,"column":0},"end":{"line":2,"column":28}},"locations":[{"start":{"line":2,"column":0},"end":{"line":2,"column":28}}]},"6":{"type":"branch","line":2,"loc":{"start":{"line":2,"column":0},"end":{"line":2,"column":28}},"locations":[{"start":{"line":2,"column":0},"end":{"line":2,"column":28}}]},"7":{"type":"branch","line":2,"loc":{"start":{"line":2,"column":0},"end":{"line":2,"column":28}},"locations":[{"start":{"line":2,"column":0},"end":{"line":2,"column":28}}]}},"b":{"0":[1],"1":[1],"2":[1],"3":[0],"4":[1],"5":[1],"6":[0],"7":[1]},"fnMap":{"0":{"name":"Object.<anonymous>","decl":{"start":{"line":2,"column":28},"end":{"line":2,"column":28}},"loc":{"start":{"line":2,"column":28},"end":{"line":2,"column":28}},"line":2},"1":{"name":"get","decl":{"start":{"line":1,"column":0},"end":{"line":1,"column":24}},"loc":{"start":{"line":1,"column":0},"end":{"line":1,"column":24}},"line":1},"2":{"name":"get","decl":{"start":{"line":2,"column":0},"end":{"line":2,"column":28}},"loc":{"start":{"line":2,"column":0},"end":{"line":2,"column":28}},"line":2}},"f":{"0":1,"1":1,"2":1}}
,"C:\\projects\\react-mentoring-program\\src\\propTypes\\movie.js": {"path":"C:\\projects\\react-mentoring-program\\src\\propTypes\\movie.js","statementMap":{"0":{"start":{"line":1,"column":0},"end":{"line":1,"column":35}},"1":{"start":{"line":2,"column":0},"end":{"line":2,"column":0}},"2":{"start":{"line":3,"column":0},"end":{"line":3,"column":29}},"3":{"start":{"line":4,"column":0},"end":{"line":4,"column":0}},"4":{"start":{"line":5,"column":0},"end":{"line":5,"column":38}},"5":{"start":{"line":6,"column":0},"end":{"line":6,"column":15}},"6":{"start":{"line":7,"column":0},"end":{"line":7,"column":34}},"7":{"start":{"line":8,"column":0},"end":{"line":8,"column":3}}},"s":{"0":1,"1":1,"2":1,"3":1,"4":1,"5":1,"6":1,"7":1},"branchMap":{"0":{"type":"branch","line":8,"loc":{"start":{"line":8,"column":3},"end":{"line":8,"column":3}},"locations":[{"start":{"line":8,"column":3},"end":{"line":8,"column":3}}]},"1":{"type":"branch","line":8,"loc":{"start":{"line":8,"column":3},"end":{"line":8,"column":3}},"locations":[{"start":{"line":8,"column":3},"end":{"line":8,"column":3}}]},"2":{"type":"branch","line":8,"loc":{"start":{"line":8,"column":3},"end":{"line":8,"column":3}},"locations":[{"start":{"line":8,"column":3},"end":{"line":8,"column":3}}]},"3":{"type":"branch","line":8,"loc":{"start":{"line":8,"column":3},"end":{"line":8,"column":3}},"locations":[{"start":{"line":8,"column":3},"end":{"line":8,"column":3}}]},"4":{"type":"branch","line":8,"loc":{"start":{"line":8,"column":3},"end":{"line":8,"column":3}},"locations":[{"start":{"line":8,"column":3},"end":{"line":8,"column":3}}]},"5":{"type":"branch","line":8,"loc":{"start":{"line":8,"column":3},"end":{"line":8,"column":3}},"locations":[{"start":{"line":8,"column":3},"end":{"line":8,"column":3}}]},"6":{"type":"branch","line":8,"loc":{"start":{"line":8,"column":3},"end":{"line":8,"column":3}},"locations":[{"start":{"line":8,"column":3},"end":{"line":8,"column":3}}]},"7":{"type":"branch","line":8,"loc":{"start":{"line":8,"column":3},"end":{"line":8,"column":3}},"locations":[{"start":{"line":8,"column":3},"end":{"line":8,"column":3}}]},"8":{"type":"branch","line":8,"loc":{"start":{"line":8,"column":3},"end":{"line":8,"column":3}},"locations":[{"start":{"line":8,"column":3},"end":{"line":8,"column":3}}]},"9":{"type":"branch","line":8,"loc":{"start":{"line":8,"column":3},"end":{"line":8,"column":3}},"locations":[{"start":{"line":8,"column":3},"end":{"line":8,"column":3}}]},"10":{"type":"branch","line":8,"loc":{"start":{"line":8,"column":3},"end":{"line":8,"column":3}},"locations":[{"start":{"line":8,"column":3},"end":{"line":8,"column":3}}]},"11":{"type":"branch","line":8,"loc":{"start":{"line":8,"column":3},"end":{"line":8,"column":3}},"locations":[{"start":{"line":8,"column":3},"end":{"line":8,"column":3}}]}},"b":{"0":[1],"1":[1],"2":[1],"3":[0],"4":[2],"5":[2],"6":[3],"7":[2],"8":[1],"9":[2],"10":[1],"11":[0]},"fnMap":{"0":{"name":"Object.<anonymous>","decl":{"start":{"line":8,"column":3},"end":{"line":8,"column":3}},"loc":{"start":{"line":8,"column":3},"end":{"line":8,"column":3}},"line":8},"1":{"name":"_interopRequireDefault","decl":{"start":{"line":8,"column":3},"end":{"line":8,"column":3}},"loc":{"start":{"line":8,"column":3},"end":{"line":8,"column":3}},"line":8},"2":{"name":"ownKeys","decl":{"start":{"line":8,"column":3},"end":{"line":8,"column":3}},"loc":{"start":{"line":8,"column":3},"end":{"line":8,"column":3}},"line":8},"3":{"name":"_objectSpread","decl":{"start":{"line":8,"column":3},"end":{"line":8,"column":3}},"loc":{"start":{"line":8,"column":3},"end":{"line":8,"column":3}},"line":8},"4":{"name":"_defineProperty","decl":{"start":{"line":8,"column":3},"end":{"line":8,"column":3}},"loc":{"start":{"line":8,"column":3},"end":{"line":8,"column":3}},"line":8}},"f":{"0":1,"1":1,"2":2,"3":2,"4":0}}
,"C:\\projects\\react-mentoring-program\\src\\propTypes\\movieBase.js": {"path":"C:\\projects\\react-mentoring-program\\src\\propTypes\\movieBase.js","statementMap":{"0":{"start":{"line":1,"column":0},"end":{"line":1,"column":35}},"1":{"start":{"line":2,"column":0},"end":{"line":2,"column":0}},"2":{"start":{"line":3,"column":0},"end":{"line":3,"column":0}},"3":{"start":{"line":4,"column":0},"end":{"line":4,"column":42}},"4":{"start":{"line":5,"column":0},"end":{"line":5,"column":37}},"5":{"start":{"line":6,"column":0},"end":{"line":6,"column":28}},"6":{"start":{"line":7,"column":0},"end":{"line":7,"column":32}},"7":{"start":{"line":8,"column":0},"end":{"line":8,"column":30}},"8":{"start":{"line":9,"column":0},"end":{"line":9,"column":32}},"9":{"start":{"line":10,"column":0},"end":{"line":10,"column":42}},"10":{"start":{"line":11,"column":0},"end":{"line":11,"column":40}},"11":{"start":{"line":12,"column":0},"end":{"line":12,"column":27}},"12":{"start":{"line":13,"column":0},"end":{"line":13,"column":28}},"13":{"start":{"line":14,"column":0},"end":{"line":14,"column":39}},"14":{"start":{"line":15,"column":0},"end":{"line":15,"column":57}},"15":{"start":{"line":16,"column":0},"end":{"line":16,"column":3}}},"s":{"0":1,"1":1,"2":1,"3":1,"4":1,"5":1,"6":1,"7":1,"8":1,"9":1,"10":1,"11":1,"12":1,"13":1,"14":1,"15":1},"branchMap":{"0":{"type":"branch","line":16,"loc":{"start":{"line":16,"column":3},"end":{"line":16,"column":3}},"locations":[{"start":{"line":16,"column":3},"end":{"line":16,"column":3}}]},"1":{"type":"branch","line":16,"loc":{"start":{"line":16,"column":3},"end":{"line":16,"column":3}},"locations":[{"start":{"line":16,"column":3},"end":{"line":16,"column":3}}]},"2":{"type":"branch","line":16,"loc":{"start":{"line":16,"column":3},"end":{"line":16,"column":3}},"locations":[{"start":{"line":16,"column":3},"end":{"line":16,"column":3}}]},"3":{"type":"branch","line":16,"loc":{"start":{"line":16,"column":3},"end":{"line":16,"column":3}},"locations":[{"start":{"line":16,"column":3},"end":{"line":16,"column":3}}]}},"b":{"0":[1],"1":[1],"2":[1],"3":[0]},"fnMap":{"0":{"name":"Object.<anonymous>","decl":{"start":{"line":16,"column":3},"end":{"line":16,"column":3}},"loc":{"start":{"line":16,"column":3},"end":{"line":16,"column":3}},"line":16},"1":{"name":"_interopRequireDefault","decl":{"start":{"line":16,"column":3},"end":{"line":16,"column":3}},"loc":{"start":{"line":16,"column":3},"end":{"line":16,"column":3}},"line":16}},"f":{"0":1,"1":1}}
,"C:\\projects\\react-mentoring-program\\src\\store\\actions\\movies.js": {"path":"C:\\projects\\react-mentoring-program\\src\\store\\actions\\movies.js","statementMap":{"0":{"start":{"line":1,"column":0},"end":{"line":1,"column":39}},"1":{"start":{"line":2,"column":0},"end":{"line":2,"column":55}},"2":{"start":{"line":3,"column":0},"end":{"line":3,"column":51}},"3":{"start":{"line":4,"column":0},"end":{"line":4,"column":37}},"4":{"start":{"line":5,"column":0},"end":{"line":5,"column":53}},"5":{"start":{"line":6,"column":0},"end":{"line":6,"column":49}},"6":{"start":{"line":7,"column":0},"end":{"line":7,"column":43}},"7":{"start":{"line":8,"column":0},"end":{"line":8,"column":59}},"8":{"start":{"line":9,"column":0},"end":{"line":9,"column":55}},"9":{"start":{"line":10,"column":0},"end":{"line":10,"column":43}},"10":{"start":{"line":11,"column":0},"end":{"line":11,"column":59}},"11":{"start":{"line":12,"column":0},"end":{"line":12,"column":55}},"12":{"start":{"line":13,"column":0},"end":{"line":13,"column":57}},"13":{"start":{"line":14,"column":0},"end":{"line":14,"column":41}},"14":{"start":{"line":15,"column":0},"end":{"line":15,"column":0}},"15":{"start":{"line":16,"column":0},"end":{"line":16,"column":0}},"16":{"start":{"line":17,"column":0},"end":{"line":17,"column":38}},"17":{"start":{"line":18,"column":0},"end":{"line":18,"column":19}},"18":{"start":{"line":19,"column":0},"end":{"line":19,"column":8}},"19":{"start":{"line":20,"column":0},"end":{"line":20,"column":3}},"20":{"start":{"line":21,"column":0},"end":{"line":21,"column":0}},"21":{"start":{"line":22,"column":0},"end":{"line":22,"column":46}},"22":{"start":{"line":23,"column":0},"end":{"line":23,"column":27}},"23":{"start":{"line":24,"column":0},"end":{"line":24,"column":9}},"24":{"start":{"line":25,"column":0},"end":{"line":25,"column":3}},"25":{"start":{"line":26,"column":0},"end":{"line":26,"column":0}},"26":{"start":{"line":27,"column":0},"end":{"line":27,"column":43}},"27":{"start":{"line":28,"column":0},"end":{"line":28,"column":25}},"28":{"start":{"line":29,"column":0},"end":{"line":29,"column":8}},"29":{"start":{"line":30,"column":0},"end":{"line":30,"column":3}},"30":{"start":{"line":31,"column":0},"end":{"line":31,"column":0}},"31":{"start":{"line":32,"column":0},"end":{"line":32,"column":45}},"32":{"start":{"line":33,"column":0},"end":{"line":33,"column":28}},"33":{"start":{"line":34,"column":0},"end":{"line":34,"column":8}},"34":{"start":{"line":35,"column":0},"end":{"line":35,"column":3}},"35":{"start":{"line":36,"column":0},"end":{"line":36,"column":0}},"36":{"start":{"line":37,"column":0},"end":{"line":37,"column":37}},"37":{"start":{"line":38,"column":0},"end":{"line":38,"column":18}},"38":{"start":{"line":39,"column":0},"end":{"line":39,"column":8}},"39":{"start":{"line":40,"column":0},"end":{"line":40,"column":3}},"40":{"start":{"line":41,"column":0},"end":{"line":41,"column":0}},"41":{"start":{"line":42,"column":0},"end":{"line":42,"column":44}},"42":{"start":{"line":43,"column":0},"end":{"line":43,"column":26}},"43":{"start":{"line":44,"column":0},"end":{"line":44,"column":8}},"44":{"start":{"line":45,"column":0},"end":{"line":45,"column":3}},"45":{"start":{"line":46,"column":0},"end":{"line":46,"column":0}},"46":{"start":{"line":47,"column":0},"end":{"line":47,"column":42}},"47":{"start":{"line":48,"column":0},"end":{"line":48,"column":24}},"48":{"start":{"line":49,"column":0},"end":{"line":49,"column":8}},"49":{"start":{"line":50,"column":0},"end":{"line":50,"column":3}},"50":{"start":{"line":51,"column":0},"end":{"line":51,"column":0}},"51":{"start":{"line":52,"column":0},"end":{"line":52,"column":40}},"52":{"start":{"line":53,"column":0},"end":{"line":53,"column":21}},"53":{"start":{"line":54,"column":0},"end":{"line":54,"column":8}},"54":{"start":{"line":55,"column":0},"end":{"line":55,"column":3}},"55":{"start":{"line":56,"column":0},"end":{"line":56,"column":0}},"56":{"start":{"line":57,"column":0},"end":{"line":57,"column":47}},"57":{"start":{"line":58,"column":0},"end":{"line":58,"column":29}},"58":{"start":{"line":59,"column":0},"end":{"line":59,"column":8}},"59":{"start":{"line":60,"column":0},"end":{"line":60,"column":3}},"60":{"start":{"line":61,"column":0},"end":{"line":61,"column":0}},"61":{"start":{"line":62,"column":0},"end":{"line":62,"column":45}},"62":{"start":{"line":63,"column":0},"end":{"line":63,"column":27}},"63":{"start":{"line":64,"column":0},"end":{"line":64,"column":8}},"64":{"start":{"line":65,"column":0},"end":{"line":65,"column":3}},"65":{"start":{"line":66,"column":0},"end":{"line":66,"column":0}},"66":{"start":{"line":67,"column":0},"end":{"line":67,"column":42}},"67":{"start":{"line":68,"column":0},"end":{"line":68,"column":21}},"68":{"start":{"line":69,"column":0},"end":{"line":69,"column":10}},"69":{"start":{"line":70,"column":0},"end":{"line":70,"column":3}},"70":{"start":{"line":71,"column":0},"end":{"line":71,"column":0}},"71":{"start":{"line":72,"column":0},"end":{"line":72,"column":49}},"72":{"start":{"line":73,"column":0},"end":{"line":73,"column":29}},"73":{"start":{"line":74,"column":0},"end":{"line":74,"column":10}},"74":{"start":{"line":75,"column":0},"end":{"line":75,"column":3}},"75":{"start":{"line":76,"column":0},"end":{"line":76,"column":0}},"76":{"start":{"line":77,"column":0},"end":{"line":77,"column":45}},"77":{"start":{"line":78,"column":0},"end":{"line":78,"column":27}},"78":{"start":{"line":79,"column":0},"end":{"line":79,"column":8}},"79":{"start":{"line":80,"column":0},"end":{"line":80,"column":3}},"80":{"start":{"line":81,"column":0},"end":{"line":81,"column":0}},"81":{"start":{"line":82,"column":0},"end":{"line":82,"column":40}},"82":{"start":{"line":83,"column":0},"end":{"line":83,"column":20}},"83":{"start":{"line":84,"column":0},"end":{"line":84,"column":9}},"84":{"start":{"line":85,"column":0},"end":{"line":85,"column":3}}},"s":{"0":1,"1":1,"2":1,"3":1,"4":1,"5":1,"6":1,"7":1,"8":1,"9":1,"10":1,"11":1,"12":1,"13":1,"14":1,"15":1,"16":1,"17":1,"18":1,"19":1,"20":1,"21":1,"22":1,"23":1,"24":1,"25":1,"26":1,"27":1,"28":1,"29":1,"30":1,"31":1,"32":1,"33":1,"34":1,"35":1,"36":1,"37":1,"38":1,"39":1,"40":1,"41":1,"42":1,"43":1,"44":1,"45":1,"46":1,"47":1,"48":1,"49":1,"50":1,"51":1,"52":1,"53":1,"54":1,"55":1,"56":1,"57":1,"58":1,"59":1,"60":1,"61":1,"62":1,"63":1,"64":1,"65":1,"66":1,"67":1,"68":1,"69":1,"70":1,"71":1,"72":1,"73":1,"74":1,"75":1,"76":1,"77":1,"78":1,"79":1,"80":1,"81":1,"82":1,"83":1,"84":1},"branchMap":{"0":{"type":"branch","line":85,"loc":{"start":{"line":85,"column":3},"end":{"line":85,"column":3}},"locations":[{"start":{"line":85,"column":3},"end":{"line":85,"column":3}}]},"1":{"type":"branch","line":85,"loc":{"start":{"line":85,"column":3},"end":{"line":85,"column":3}},"locations":[{"start":{"line":85,"column":3},"end":{"line":85,"column":3}}]},"2":{"type":"branch","line":17,"loc":{"start":{"line":17,"column":25},"end":{"line":17,"column":13}},"locations":[{"start":{"line":17,"column":25},"end":{"line":17,"column":13}}]},"3":{"type":"branch","line":22,"loc":{"start":{"line":22,"column":32},"end":{"line":22,"column":13}},"locations":[{"start":{"line":22,"column":32},"end":{"line":22,"column":13}}]},"4":{"type":"branch","line":27,"loc":{"start":{"line":27,"column":30},"end":{"line":27,"column":13}},"locations":[{"start":{"line":27,"column":30},"end":{"line":27,"column":13}}]},"5":{"type":"branch","line":32,"loc":{"start":{"line":32,"column":32},"end":{"line":32,"column":13}},"locations":[{"start":{"line":32,"column":32},"end":{"line":32,"column":13}}]},"6":{"type":"branch","line":42,"loc":{"start":{"line":42,"column":31},"end":{"line":42,"column":13}},"locations":[{"start":{"line":42,"column":31},"end":{"line":42,"column":13}}]},"7":{"type":"branch","line":57,"loc":{"start":{"line":57,"column":34},"end":{"line":57,"column":13}},"locations":[{"start":{"line":57,"column":34},"end":{"line":57,"column":13}}]},"8":{"type":"branch","line":72,"loc":{"start":{"line":72,"column":34},"end":{"line":72,"column":13}},"locations":[{"start":{"line":72,"column":34},"end":{"line":72,"column":13}}]},"9":{"type":"branch","line":82,"loc":{"start":{"line":82,"column":26},"end":{"line":82,"column":13}},"locations":[{"start":{"line":82,"column":26},"end":{"line":82,"column":13}}]}},"b":{"0":[2],"1":[2],"2":[1],"3":[1],"4":[1],"5":[1],"6":[1],"7":[1],"8":[1],"9":[1]},"fnMap":{"0":{"name":"Object.<anonymous>","decl":{"start":{"line":85,"column":3},"end":{"line":85,"column":3}},"loc":{"start":{"line":85,"column":3},"end":{"line":85,"column":3}},"line":85},"1":{"name":"getMovies","decl":{"start":{"line":17,"column":25},"end":{"line":17,"column":13}},"loc":{"start":{"line":17,"column":25},"end":{"line":17,"column":13}},"line":17},"2":{"name":"getMoviesSuccess","decl":{"start":{"line":22,"column":32},"end":{"line":22,"column":13}},"loc":{"start":{"line":22,"column":32},"end":{"line":22,"column":13}},"line":22},"3":{"name":"getMoviesError","decl":{"start":{"line":27,"column":30},"end":{"line":27,"column":13}},"loc":{"start":{"line":27,"column":30},"end":{"line":27,"column":13}},"line":27},"4":{"name":"setFilterByGenre","decl":{"start":{"line":32,"column":32},"end":{"line":32,"column":13}},"loc":{"start":{"line":32,"column":32},"end":{"line":32,"column":13}},"line":32},"5":{"name":"addMovie","decl":{"start":{"line":37,"column":24},"end":{"line":37,"column":13}},"loc":{"start":{"line":37,"column":24},"end":{"line":37,"column":13}},"line":37},"6":{"name":"addMovieSuccess","decl":{"start":{"line":42,"column":31},"end":{"line":42,"column":13}},"loc":{"start":{"line":42,"column":31},"end":{"line":42,"column":13}},"line":42},"7":{"name":"addMovieError","decl":{"start":{"line":47,"column":29},"end":{"line":47,"column":13}},"loc":{"start":{"line":47,"column":29},"end":{"line":47,"column":13}},"line":47},"8":{"name":"updateMovie","decl":{"start":{"line":52,"column":27},"end":{"line":52,"column":13}},"loc":{"start":{"line":52,"column":27},"end":{"line":52,"column":13}},"line":52},"9":{"name":"updateMovieSuccess","decl":{"start":{"line":57,"column":34},"end":{"line":57,"column":13}},"loc":{"start":{"line":57,"column":34},"end":{"line":57,"column":13}},"line":57},"10":{"name":"updateMovieError","decl":{"start":{"line":62,"column":32},"end":{"line":62,"column":13}},"loc":{"start":{"line":62,"column":32},"end":{"line":62,"column":13}},"line":62},"11":{"name":"deleteMovie","decl":{"start":{"line":67,"column":27},"end":{"line":67,"column":13}},"loc":{"start":{"line":67,"column":27},"end":{"line":67,"column":13}},"line":67},"12":{"name":"deleteMovieSuccess","decl":{"start":{"line":72,"column":34},"end":{"line":72,"column":13}},"loc":{"start":{"line":72,"column":34},"end":{"line":72,"column":13}},"line":72},"13":{"name":"deleteMovieError","decl":{"start":{"line":77,"column":32},"end":{"line":77,"column":13}},"loc":{"start":{"line":77,"column":32},"end":{"line":77,"column":13}},"line":77},"14":{"name":"setSorting","decl":{"start":{"line":82,"column":26},"end":{"line":82,"column":13}},"loc":{"start":{"line":82,"column":26},"end":{"line":82,"column":13}},"line":82}},"f":{"0":2,"1":1,"2":1,"3":1,"4":1,"5":0,"6":1,"7":0,"8":0,"9":1,"10":0,"11":0,"12":1,"13":0,"14":1}}
,"C:\\projects\\react-mentoring-program\\src\\store\\reducers\\movies.js": {"path":"C:\\projects\\react-mentoring-program\\src\\store\\reducers\\movies.js","statementMap":{"0":{"start":{"line":1,"column":0},"end":{"line":1,"column":45}},"1":{"start":{"line":2,"column":0},"end":{"line":2,"column":0}},"2":{"start":{"line":3,"column":0},"end":{"line":3,"column":0}},"3":{"start":{"line":4,"column":0},"end":{"line":4,"column":22}},"4":{"start":{"line":5,"column":0},"end":{"line":5,"column":13}},"5":{"start":{"line":6,"column":0},"end":{"line":6,"column":19}},"6":{"start":{"line":7,"column":0},"end":{"line":7,"column":14}},"7":{"start":{"line":8,"column":0},"end":{"line":8,"column":22}},"8":{"start":{"line":9,"column":0},"end":{"line":9,"column":15}},"9":{"start":{"line":10,"column":0},"end":{"line":10,"column":24}},"10":{"start":{"line":11,"column":0},"end":{"line":11,"column":2}},"11":{"start":{"line":12,"column":0},"end":{"line":12,"column":0}},"12":{"start":{"line":13,"column":0},"end":{"line":13,"column":51}},"13":{"start":{"line":14,"column":0},"end":{"line":14,"column":24}},"14":{"start":{"line":15,"column":0},"end":{"line":15,"column":28}},"15":{"start":{"line":16,"column":0},"end":{"line":16,"column":14}},"16":{"start":{"line":17,"column":0},"end":{"line":17,"column":24}},"17":{"start":{"line":18,"column":0},"end":{"line":18,"column":24}},"18":{"start":{"line":19,"column":0},"end":{"line":19,"column":8}},"19":{"start":{"line":20,"column":0},"end":{"line":20,"column":36}},"20":{"start":{"line":21,"column":0},"end":{"line":21,"column":30}},"21":{"start":{"line":22,"column":0},"end":{"line":22,"column":14}},"22":{"start":{"line":23,"column":0},"end":{"line":23,"column":17}},"23":{"start":{"line":24,"column":0},"end":{"line":24,"column":15}},"24":{"start":{"line":25,"column":0},"end":{"line":25,"column":25}},"25":{"start":{"line":26,"column":0},"end":{"line":26,"column":8}},"26":{"start":{"line":27,"column":0},"end":{"line":27,"column":34}},"27":{"start":{"line":28,"column":0},"end":{"line":28,"column":29}},"28":{"start":{"line":29,"column":0},"end":{"line":29,"column":14}},"29":{"start":{"line":30,"column":0},"end":{"line":30,"column":17}},"30":{"start":{"line":31,"column":0},"end":{"line":31,"column":25}},"31":{"start":{"line":32,"column":0},"end":{"line":32,"column":14}},"32":{"start":{"line":33,"column":0},"end":{"line":33,"column":8}},"33":{"s
[...]
ne":74,"column":0},"end":{"line":74,"column":8}},"74":{"start":{"line":75,"column":0},"end":{"line":75,"column":12}},"75":{"start":{"line":76,"column":0},"end":{"line":76,"column":19}},"76":{"start":{"line":77,"column":0},"end":{"line":77,"column":3}},"77":{"start":{"line":78,"column":0},"end":{"line":78,"column":2}},"78":{"start":{"line":79,"column":0},"end":{"line":79,"column":0}},"79":{"start":{"line":80,"column":0},"end":{"line":80,"column":23}}},"s":{"0":1,"1":1,"2":1,"3":1,"4":1,"5":1,"6":1,"7":1,"8":1,"9":1,"10":1,"11":1,"12":1,"13":1,"14":1,"15":1,"16":1,"17":1,"18":1,"19":1,"20":1,"21":1,"22":1,"23":1,"24":1,"25":1,"26":1,"27":1,"28":1,"29":1,"30":1,"31":1,"32":1,"33":1,"34":1,"35":1,"36":1,"37":1,"38":1,"39":1,"40":1,"41":1,"42":1,"43":1,"44":1,"45":1,"46":1,"47":1,"48":1,"49":1,"50":1,"51":1,"52":1,"53":1,"54":1,"55":1,"56":1,"57":1,"58":1,"59":1,"60":1,"61":1,"62":1,"63":1,"64":1,"65":1,"66":1,"67":1,"68":1,"69":1,"70":1,"71":1,"72":1,"73":1,"74":1,"75":1,"76":1,"77":1,"78":1,"79":1},"branchMap":{"0":{"type":"branch","line":80,"loc":{"start":{"line":80,"column":23},"end":{"line":80,"column":23}},"locations":[{"start":{"line":80,"column":23},"end":{"line":80,"column":23}}]},"1":{"type":"branch","line":80,"loc":{"start":{"line":80,"column":23},"end":{"line":80,"column":23}},"locations":[{"start":{"line":80,"column":23},"end":{"line":80,"column":23}}]},"2":{"type":"branch","line":80,"loc":{"start":{"line":80,"column":23},"end":{"line":80,"column":23}},"locations":[{"start":{"line":80,"column":23},"end":{"line":80,"column":23}}]},"3":{"type":"branch","line":80,"loc":{"start":{"line":80,"column":23},"end":{"line":80,"column":23}},"locations":[{"start":{"line":80,"column":23},"end":{"line":80,"column":23}}]},"4":{"type":"branch","line":80,"loc":{"start":{"line":80,"column":23},"end":{"line":80,"column":23}},"locations":[{"start":{"line":80,"column":23},"end":{"line":80,"column":23}}]},"5":{"type":"branch","line":80,"loc":{"start":{"line":80,"column":23},"end":{"line":80,"column":23}},"locations":[{"start":{"line":80,"column":23},"end":{"line":80,"column":23}}]},"6":{"type":"branch","line":80,"loc":{"start":{"line":80,"column":23},"end":{"line":80,"column":23}},"locations":[{"start":{"line":80,"column":23},"end":{"line":80,"column":23}}]},"7":{"type":"branch","line":80,"loc":{"start":{"line":80,"column":23},"end":{"line":80,"column":23}},"locations":[{"start":{"line":80,"column":23},"end":{"line":80,"column":23}}]},"8":{"type":"branch","line":80,"loc":{"start":{"line":80,"column":23},"end":{"line":80,"column":23}},"locations":[{"start":{"line":80,"column":23},"end":{"line":80,"column":23}}]},"9":{"type":"branch","line":80,"loc":{"start":{"line":80,"column":23},"end":{"line":80,"column":23}},"locations":[{"start":{"line":80,"column":23},"end":{"line":80,"column":23}}]},"10":{"type":"branch","line":80,"loc":{"start":{"line":80,"column":23},"end":{"line":80,"column":23}},"locations":[{"start":{"line":80,"column":23},"end":{"line":80,"column":23}}]},"11":{"type":"branch","line":80,"loc":{"start":{"line":80,"column":23},"end":{"line":80,"column":23}},"locations":[{"start":{"line":80,"column":23},"end":{"line":80,"column":23}}]},"12":{"type":"branch","line":80,"loc":{"start":{"line":80,"column":23},"end":{"line":80,"column":23}},"locations":[{"start":{"line":80,"column":23},"end":{"line":80,"column":23}}]},"13":{"type":"branch","line":80,"loc":{"start":{"line":80,"column":23},"end":{"line":80,"column":23}},"locations":[{"start":{"line":80,"column":23},"end":{"line":80,"column":23}}]},"14":{"type":"branch","line":80,"loc":{"start":{"line":80,"column":23},"end":{"line":80,"column":23}},"locations":[{"start":{"line":80,"column":23},"end":{"line":80,"column":23}}]},"15":{"type":"branch","line":80,"loc":{"start":{"line":80,"column":23},"end":{"line":80,"column":23}},"locations":[{"start":{"line":80,"column":23},"end":{"line":80,"column":23}}]},"16":{"type":"branch","line":80,"loc":{"start":{"line":80,"column":23},"end":{"line":80,"column":23}},"locations":[{"start":{"line":80,"column":23},"end":{"line":80,"column":23}}]},"17":{"type":"branch","line":80,"loc":{"start":{"line":80,"column":23},"end":{"line":80,"column":23}},"locations":[{"start":{"line":80,"column":23},"end":{"line":80,"column":23}}]},"18":{"type":"branch","line":80,"loc":{"start":{"line":80,"column":23},"end":{"line":80,"column":23}},"locations":[{"start":{"line":80,"column":23},"end":{"line":80,"column":23}}]},"19":{"type":"branch","line":80,"loc":{"start":{"line":80,"column":23},"end":{"line":80,"column":23}},"locations":[{"start":{"line":80,"column":23},"end":{"line":80,"column":23}}]},"20":{"type":"branch","line":80,"loc":{"start":{"line":80,"column":23},"end":{"line":80,"column":23}},"locations":[{"start":{"line":80,"column":23},"end":{"line":80,"column":23}}]},"21":{"type":"branch","line":80,"loc":{"start":{"line":80,"column":23},"end":{"line":80,"column":23}},"locations":[{"start":{"line":80,"column":23},"end":{"line":80,"column":23}}]},"22":{"type":"branch","line":80,"loc":{"start":{"line":80,"column":23},"end":{"line":80,"column":23}},"locations":[{"start":{"line":80,"column":23},"end":{"line":80,"column":23}}]},"23":{"type":"branch","line":80,"loc":{"start":{"line":80,"column":23},"end":{"line":80,"column":23}},"locations":[{"start":{"line":80,"column":23},"end":{"line":80,"column":23}}]},"24":{"type":"branch","line":80,"loc":{"start":{"line":80,"column":23},"end":{"line":80,"column":23}},"locations":[{"start":{"line":80,"column":23},"end":{"line":80,"column":23}}]},"25":{"type":"branch","line":13,"loc":{"start":{"line":13,"column":16},"end":{"line":13,"column":6}},"locations":[{"start":{"line":13,"column":16},"end":{"line":13,"column":6}}]},"26":{"type":"branch","line":13,"loc":{"start":{"line":13,"column":50},"end":{"line":13,"column":51}},"locations":[{"start":{"line":13,"column":50},"end":{"line":13,"column":51}}]},"27":{"type":"branch","line":13,"loc":{"start":{"line":13,"column":50},"end":{"line":13,"column":39}},"locations":[{"start":{"line":13,"column":50},"end":{"line":13,"column":39}}]},"28":{"type":"branch","line":13,"loc":{"start":{"line":13,"column":50},"end":{"line":13,"column":51}},"locations":[{"start":{"line":13,"column":50},"end":{"line":13,"column":51}}]},"29":{"type":"branch","line":15,"loc":{"start":{"line":15,"column":4},"end":{"line":16,"column":14}},"locations":[{"start":{"line":15,"column":4},"end":{"line":16,"column":14}}]},"30":{"type":"branch","line":20,"loc":{"start":{"line":20,"column":4},"end":{"line":22,"column":14}},"locations":[{"start":{"line":20,"column":4},"end":{"line":22,"column":14}}]},"31":{"type":"branch","line":27,"loc":{"start":{"line":27,"column":4},"end":{"line":29,"column":14}},"locations":[{"start":{"line":27,"column":4},"end":{"line":29,"column":14}}]},"32":{"type":"branch","line":34,"loc":{"start":{"line":34,"column":4},"end":{"line":36,"column":14}},"locations":[{"start":{"line":34,"column":4},"end":{"line":36,"column":14}}]},"33":{"type":"branch","line":40,"loc":{"start":{"line":40,"column":4},"end":{"line":41,"column":14}},"locations":[{"start":{"line":40,"column":4},"end":{"line":41,"column":14}}]},"34":{"type":"branch","line":48,"loc":{"start":{"line":48,"column":4},"end":{"line":51,"column":14}},"locations":[{"start":{"line":48,"column":4},"end":{"line":51,"column":14}}]},"35":{"type":"branch","line":59,"loc":{"start":{"line":59,"column":4},"end":{"line":63,"column":14}},"locations":[{"start":{"line":59,"column":4},"end":{"line":63,"column":14}}]},"36":{"type":"branch","line":70,"loc":{"start":{"line":70,"column":4},"end":{"line":71,"column":14}},"locations":[{"start":{"line":70,"column":4},"end":{"line":71,"column":14}}]},"37":{"type":"branch","line":75,"loc":{"start":{"line":75,"column":4},"end":{"line":76,"column":13}},"locations":[{"start":{"line":75,"column":4},"end":{"line":76,"column":13}}]},"38":{"type":"branch","line":49,"loc":{"start":{"line":49,"column":40},"end":{"line":49,"column":49}},"locations":[{"start":{"line":49,"column":40},"end":{"line":49,"column":49}}]},"39":{"type":"branch","line":61,"loc":{"start":{"line":61,"column":33},"end":{"line":61,"column":42}},"locations":[{"start":{"line":61,"column":33},"end":{"line":61,"column":42}}]}},"b":{"0":[1],"1":[1],"2":[1],"3":[0],"4":[0],"5":[0],"6":[0],"7":[5],"8":[0],"9":[0],"10":[0],"11":[5],"12":[5],"13":[0],"14":[1],"15":[16],"16":[16],"17":[24],"18":[0],"19":[16],"20":[8],"21":[0],"22":[24],"23":[24],"24":[0],"25":[10],"26":[9],"27":[1],"28":[0],"29":[1],"30":[1],"31":[1],"32":[1],"33":[1],"34":[1],"35":[1],"36":[1],"37":[2],"38":[1],"39":[1]},"fnMap":{"0":{"name":"Object.<anonymous>","decl":{"start":{"line":80,"column":23},"end":{"line":80,"column":23}},"loc":{"start":{"line":80,"column":23},"end":{"line":80,"column":23}},"line":80},"1":{"name":"_typeof","decl":{"start":{"line":80,"column":23},"end":{"line":80,"column":23}},"loc":{"start":{"line":80,"column":23},"end":{"line":80,"column":23}},"line":80},"2":{"name":"_getRequireWildcardCache","decl":{"start":{"line":80,"column":23},"end":{"line":80,"column":23}},"loc":{"start":{"line":80,"column":23},"end":{"line":80,"column":23}},"line":80},"3":{"name":"_interopRequireWildcard","decl":{"start":{"line":80,"column":23},"end":{"line":80,"column":23}},"loc":{"start":{"line":80,"column":23},"end":{"line":80,"column":23}},"line":80},"4":{"name":"_toConsumableArray","decl":{"start":{"line":80,"column":23},"end":{"line":80,"column":23}},"loc":{"start":{"line":80,"column":23},"end":{"line":80,"column":23}},"line":80},"5":{"name":"_nonIterableSpread","decl":{"start":{"line":80,"column":23},"end":{"line":80,"column":23}},"loc":{"start":{"line":80,"column":23},"end":{"line":80,"column":23}},"line":80},"6":{"name":"_unsupportedIterableToArray","decl":{"start":{"line":80,"column":23},"end":{"line":80,"column":23}},"loc":{"start":{"line":80,"column":23},"end":{"line":80,"column":23}},"line":80},"7":{"name":"_iterableToArray","decl":{"start":{"line":80,"column":23},"end":{"line":80,"column":23}},"loc":{"start":{"line":80,"column":23},"end":{"line":80,"column":23}},"line":80},"8":{"name":"_arrayWithoutHoles","decl":{"start":{"line":80,"column":23},"end":{"line":80,"column":23}},"loc":{"start":{"line":80,"column":23},"end":{"line":80,"column":23}},"line":80},"9":{"name":"_arrayLikeToArray","decl":{"start":{"line":80,"column":23},"end":{"line":80,"column":23}},"loc":{"start":{"line":80,"column":23},"end":{"line":80,"column":23}},"line":80},"10":{"name":"ownKeys","decl":{"start":{"line":80,"column":23},"end":{"line":80,"column":23}},"loc":{"start":{"line":80,"column":23},"end":{"line":80,"column":23}},"line":80},"11":{"name":"_objectSpread","decl":{"start":{"line":80,"column":23},"end":{"line":80,"column":23}},"loc":{"start":{"line":80,"column":23},"end":{"line":80,"column":23}},"line":80},"12":{"name":"_defineProperty","decl":{"start":{"line":80,"column":23},"end":{"line":80,"column":23}},"loc":{"start":{"line":80,"column":23},"end":{"line":80,"column":23}},"line":80},"13":{"name":"reducer","decl":{"start":{"line":13,"column":16},"end":{"line":13,"column":6}},"loc":{"start":{"line":13,"column":16},"end":{"line":13,"column":6}},"line":13}},"f":{"0":1,"1":0,"2":0,"3":1,"4":5,"5":0,"6":0,"7":0,"8":5,"9":5,"10":16,"11":16,"12":24,"13":10}}
,"C:\\projects\\react-mentoring-program\\src\\store\\selectors\\movies.js": {"path":"C:\\projects\\react-mentoring-program\\src\\store\\selectors\\movies.js","statementMap":{"0":{"start":{"line":1,"column":0},"end":{"line":1,"column":40}},"1":{"start":{"line":2,"column":0},"end":{"line":2,"column":0}},"2":{"start":{"line":3,"column":0},"end":{"line":3,"column":0}},"3":{"start":{"line":4,"column":0},"end":{"line":4,"column":42}},"4":{"start":{"line":5,"column":0},"end":{"line":5,"column":0}},"5":{"start":{"line":6,"column":0},"end":{"line":6,"column":71}},"6":{"start":{"line":7,"column":0},"end":{"line":7,"column":0}},"7":{"start":{"line":8,"column":0},"end":{"line":8,"column":24}},"8":{"start":{"line":9,"column":0},"end":{"line":9,"column":60}},"9":{"start":{"line":10,"column":0},"end":{"line":10,"column":0}},"10":{"start":{"line":11,"column":0},"end":{"line":11,"column":73}},"11":{"start":{"line":12,"column":0},"end":{"line":12,"column":0}},"12":{"start":{"line":13,"column":0},"end":{"line":13,"column":61}},"13":{"start":{"line":14,"column":0},"end":{"line":14,"column":24}},"14":{"start":{"line":15,"column":0},"end":{"line":15,"column":0}},"15":{"start":{"line":16,"column":0},"end":{"line":16,"column":31}},"16":{"start":{"line":17,"column":0},"end":{"line":17,"column":39}},"17":{"start":{"line":18,"column":0},"end":{"line":18,"column":21}},"18":{"start":{"line":19,"column":0},"end":{"line":19,"column":5}},"19":{"start":{"line":20,"column":0},"end":{"line":20,"column":3}},"20":{"start":{"line":21,"column":0},"end":{"line":21,"column":18}},"21":{"start":{"line":22,"column":0},"end":{"line":22,"column":3}},"22":{"start":{"line":23,"column":0},"end":{"line":23,"column":0}},"23":{"start":{"line":24,"column":0},"end":{"line":24,"column":52}},"24":{"start":{"line":25,"column":0},"end":{"line":25,"column":0}},"25":{"start":{"line":26,"column":0},"end":{"line":26,"column":28}},"26":{"start":{"line":27,"column":0},"end":{"line":27,"column":80}},"27":{"start":{"line":28,"column":0},"end":{"line":28,"column":40}},"28":{"start":{"line":29,"column":0},"end":{"line":29,"column":0}},"29":{"start":{"line":30,"column":0},"end":{"line":30,"column":66}},"30":{"start":{"line":31,"column":0},"end":{"line":31,"column":7}},"31":{"start":{"line":32,"column":0},"end":{"line":32,"column":0}},"32":{"start":{"line":33,"column":0},"end":{"line":33,"column":28}},"33":{"start":{"line":34,"column":0},"end":{"line":34,"column":64}},"34":{"start":{"line":35,"column":0},"end":{"line":35,"column":0}},"35":{"start":{"line":36,"column":0},"end":{"line":36,"column":75}},"36":{"start":{"line":37,"column":0},"end":{"line":37,"column":0}},"37":{"start":{"line":38,"column":0},"end":{"line":38,"column":45}},"38":{"start":{"line":39,"column":0},"end":{"line":39,"column":77}},"39":{"start":{"line":40,"column":0},"end":{"line":40,"column":53}},"40":{"start":{"line":41,"column":0},"end":{"line":41,"column":0}},"41":{"start":{"line":42,"column":0},"end":{"line":42,"column":30}},"42":{"start":{"line":43,"column":0},"end":{"line":43,"column":29}},"43":{"start":{"line":44,"column":0},"end":{"line":44,"column":35}},"44":{"start":{"line":45,"column":0},"end":{"line":45,"column":71}},"45":{"start":{"line":46,"column":0},"end":{"line":46,"column":30}},"46":{"start":{"line":47,"column":0},"end":{"line":47,"column":19}},"47":{"start":{"line":48,"column":0},"end":{"line":48,"column":7}},"48":{"start":{"line":49,"column":0},"end":{"line":49,"column":0}},"49":{"start":{"line":50,"column":0},"end":{"line":50,"column":35}},"50":{"start":{"line":51,"column":0},"end":{"line":51,"column":28}},"51":{"start":{"line":52,"column":0},"end":{"line":52,"column":51}},"52":{"start":{"line":53,"column":0},"end":{"line":53,"column":3}},"53":{"start":{"line":54,"column":0},"end":{"line":54,"column":34}},"54":{"start":{"line":55,"column":0},"end":{"line":55,"column":22}},"55":{"start":{"line":56,"column":0},"end":{"line":56,"column":48}},"56":{"start":{"line":57,"column":0},"end":{"line":57,"column":43}},"57":{"start":{"line":58,"column":0},"end":{"line":58,"column":6}},"58":{"start":{"line":59,"column":0},"end":{"line":59,"column":3}},"59":{"start":{"line":60,"column":0},"end":{"line":60,"column":58}},"60":{"start":{"line":61,"column":0},"end":{"line":61,"column":1}}},"s":{"0":1,"1":1,"2":1,"3":1,"4":1,"5":1,"6":1,"7":1,"8":1,"9":1,"10":1,"11":1,"12":1,"13":1,"14":1,"15":1,"16":1,"17":1,"18":1,"19":1,"20":1,"21":1,"22":1,"23":1,"24":1,"25":1,"26":1,"27":1,"28":1,"29":1,"30":1,"31":1,"32":1,"33":1,"34":1,"35":1,"36":1,"37":1,"38":1,"39":1,"40":1,"41":1,"42":1,"43":1,"44":1,"45":1,"46":1,"47":1,"48":1,"49":0,"50":0,"51":0,"52":0,"53":0,"54":0,"55":0,"56":0,"57":0,"58":0,"59":0,"60":0},"branchMap":{"0":{"type":"branch","line":61,"loc":{"start":{"line":61,"column":1},"end":{"line":61,"column":1}},"locations":[{"start":{"line":61,"column":1},"end":{"line":61,"column":1}}]},"1":{"type":"branch","line":61,"loc":{"start":{"line":61,"column":1},"end":{"line":61,"column":1}},"locations":[{"start":{"line":61,"column":1},"end":{"line":61,"column":1}}]}},"b":{"0":[1],"1":[1]},"fnMap":{"0":{"name":"Object.<anonymous>","decl":{"start":{"line":61,"column":1},"end":{"line":61,"column":1}},"loc":{"start":{"line":61,"column":1},"end":{"line":61,"column":1}},"line":61},"1":{"name":"_toConsumableArray","decl":{"start":{"line":61,"column":1},"end":{"line":61,"column":1}},"loc":{"start":{"line":61,"column":1},"end":{"line":61,"column":1}},"line":61},"2":{"name":"_nonIterableSpread","decl":{"start":{"line":61,"column":1},"end":{"line":61,"column":1}},"loc":{"start":{"line":61,"column":1},"end":{"line":61,"column":1}},"line":61},"3":{"name":"_iterableToArray","decl":{"start":{"line":61,"column":1},"end":{"line":61,"column":1}},"loc":{"start":{"line":61,"column":1},"end":{"line":61,"column":1}},"line":61},"4":{"name":"_arrayWithoutHoles","decl":{"start":{"line":61,"column":1},"end":{"line":61,"column":1}},"loc":{"start":{"line":61,"column":1},"end":{"line":61,"column":1}},"line":61},"5":{"name":"_createForOfIteratorHelper","decl":{"start":{"line":61,"column":1},"end":{"line":61,"column":1}},"loc":{"start":{"line":61,"column":1},"end":{"line":61,"column":1}},"line":61},"6":{"name":"_unsupportedIterableToArray","decl":{"start":{"line":61,"column":1},"end":{"line":61,"column":1}},"loc":{"start":{"line":61,"column":1},"end":{"line":61,"column":1}},"line":61},"7":{"name":"_arrayLikeToArray","decl":{"start":{"line":61,"column":1},"end":{"line":61,"column":1}},"loc":{"start":{"line":61,"column":1},"end":{"line":61,"column":1}},"line":61},"8":{"name":"moviesState","decl":{"start":{"line":4,"column":20},"end":{"line":4,"column":6}},"loc":{"start":{"line":4,"column":20},"end":{"line":4,"column":6}},"line":4},"9":{"name":"selectedMovieId","decl":{"start":{"line":24,"column":24},"end":{"line":24,"column":6}},"loc":{"start":{"line":24,"column":24},"end":{"line":24,"column":6}},"line":24},"10":{"name":"getSortPredicate","decl":{"start":{"line":50,"column":0},"end":{"line":61,"column":1}},"loc":{"start":{"line":50,"column":0},"end":{"line":61,"column":1}},"line":50}},"f":{"0":1,"1":0,"2":0,"3":0,"4":0,"5":0,"6":0,"7":0,"8":0,"9":0,"10":0}}
,"C:\\projects\\react-mentoring-program\\src\\utils\\utils.js": {"path":"C:\\projects\\react-mentoring-program\\src\\utils\\utils.js","statementMap":{"0":{"start":{"line":1,"column":0},"end":{"line":1,"column":25}},"1":{"start":{"line":2,"column":0},"end":{"line":2,"column":36}},"2":{"start":{"line":3,"column":0},"end":{"line":3,"column":36}},"3":{"start":{"line":4,"column":0},"end":{"line":4,"column":1}}},"s":{"0":1,"1":1,"2":648,"3":648},"branchMap":{"0":{"type":"branch","line":4,"loc":{"start":{"line":4,"column":1},"end":{"line":4,"column":1}},"locations":[{"start":{"line":4,"column":1},"end":{"line":4,"column":1}}]},"1":{"type":"branch","line":4,"loc":{"start":{"line":4,"column":1},"end":{"line":4,"column":1}},"locations":[{"start":{"line":4,"column":1},"end":{"line":4,"column":1}}]},"2":{"type":"branch","line":2,"loc":{"start":{"line":2,"column":7},"end":{"line":4,"column":1}},"locations":[{"start":{"line":2,"column":7},"end":{"line":4,"column":1}}]},"3":{"type":"branch","line":2,"loc":{"start":{"line":2,"column":35},"end":{"line":2,"column":36}},"locations":[{"start":{"line":2,"column":35},"end":{"line":2,"column":36}}]}},"b":{"0":[1],"1":[1],"2":[648],"3":[1458]},"fnMap":{"0":{"name":"Object.<anonymous>","decl":{"start":{"line":4,"column":1},"end":{"line":4,"column":1}},"loc":{"start":{"line":4,"column":1},"end":{"line":4,"column":1}},"line":4},"1":{"name":"classNames","decl":{"start":{"line":2,"column":7},"end":{"line":4,"column":1}},"loc":{"start":{"line":2,"column":7},"end":{"line":4,"column":1}},"line":2}},"f":{"0":1,"1":648}}
}
