TN:
SF:src\components\Button\Button.jsx
FN:40,Object.<anonymous>
FN:40,_interopRequireDefault
FN:40,_extends
FN:40,_extends
FN:40,_objectWithoutProperties
FN:40,_objectWithoutPropertiesLoose
FN:17,Button
FNF:7
FNH:6
FNDA:1,Object.<anonymous>
FNDA:2,_interopRequireDefault
FNDA:1,_extends
FNDA:0,_extends
FNDA:162,_objectWithoutProperties
FNDA:162,_objectWithoutPropertiesLoose
FNDA:162,Button
DA:1,1
DA:2,1
DA:3,1
DA:4,1
DA:5,1
DA:6,1
DA:7,1
DA:8,1
DA:9,1
DA:10,1
DA:11,1
DA:12,1
DA:13,1
DA:14,1
DA:15,1
DA:16,1
DA:17,1
DA:18,1
DA:19,1
DA:20,1
DA:21,1
DA:22,1
DA:23,1
DA:24,1
DA:25,1
DA:26,1
DA:27,1
DA:28,1
DA:29,1
DA:30,1
DA:31,1
DA:32,1
DA:33,1
DA:34,1
DA:35,1
DA:36,1
DA:37,1
DA:38,1
DA:39,1
DA:40,1
LF:40
LH:40
BRDA:40,0,0,1
BRDA:40,1,0,1
BRDA:40,2,0,2
BRDA:40,3,0,0
BRDA:40,4,0,1
BRDA:40,5,0,0
BRDA:40,6,0,162
BRDA:40,7,0,0
BRDA:40,8,0,0
BRDA:40,9,0,162
BRDA:40,10,0,0
BRDA:40,11,0,486
BRDA:40,12,0,324
BRDA:40,13,0,162
BRDA:17,14,0,162
BRF:15
BRH:10
end_of_record
TN:
SF:src\components\Input\Input.jsx
FN:43,Object.<anonymous>
FN:43,_interopRequireDefault
FN:43,_extends
FN:43,_extends
FN:43,_objectWithoutProperties
FN:43,_objectWithoutPropertiesLoose
FN:10,Input
FNF:7
FNH:6
FNDA:1,Object.<anonymous>
FNDA:2,_interopRequireDefault
FNDA:1,_extends
FNDA:0,_extends
FNDA:486,_objectWithoutProperties
FNDA:486,_objectWithoutPropertiesLoose
FNDA:486,Input
DA:1,1
DA:2,1
DA:3,1
DA:4,1
DA:5,1
DA:6,1
DA:7,1
DA:8,1
DA:9,1
DA:10,1
DA:11,0
DA:12,0
DA:13,0
DA:14,0
DA:15,1
DA:16,1
DA:17,1
DA:18,1
DA:19,1
DA:20,1
DA:21,1
DA:22,1
DA:23,1
DA:24,1
DA:25,1
DA:26,1
DA:27,1
DA:28,1
DA:29,1
DA:30,1
DA:31,1
DA:32,1
DA:33,1
DA:34,1
DA:35,1
DA:36,1
DA:37,1
DA:38,1
DA:39,1
DA:40,1
DA:41,1
DA:42,1
DA:43,1
LF:43
LH:39
BRDA:43,0,0,1
BRDA:43,1,0,1
BRDA:43,2,0,2
BRDA:43,3,0,0
BRDA:43,4,0,1
BRDA:43,5,0,0
BRDA:43,6,0,486
BRDA:43,7,0,0
BRDA:43,8,0,0
BRDA:43,9,0,486
BRDA:43,10,0,0
BRDA:43,11,0,2430
BRDA:43,12,0,0
BRDA:10,13,0,486
BRDA:10,14,0,0
BRF:15
BRH:8
end_of_record
TN:
SF:src\components\Logo\Logo.jsx
FN:11,Object.<anonymous>
FN:11,_interopRequireDefault
FN:6,Logo
FNF:3
FNH:3
FNDA:1,Object.<anonymous>
FNDA:1,_interopRequireDefault
FNDA:1,Logo
DA:1,1
DA:2,1
DA:3,1
DA:4,1
DA:5,1
DA:6,1
DA:7,1
DA:8,1
DA:9,1
DA:10,1
DA:11,1
LF:11
LH:11
BRDA:11,0,0,1
BRDA:11,1,0,1
BRDA:11,2,0,1
BRDA:11,3,0,0
BRDA:6,4,0,1
BRF:5
BRH:4
end_of_record
TN:
SF:src\components\Modal\Modal.jsx
FN:22,Object.<anonymous>
FN:22,_interopRequireDefault
FN:22,_objectWithoutProperties
FN:22,_objectWithoutPropertiesLoose
FN:8,Modal
FNF:5
FNH:5
FNDA:1,Object.<anonymous>
FNDA:2,_interopRequireDefault
FNDA:3,_objectWithoutProperties
FNDA:3,_objectWithoutPropertiesLoose
FNDA:3,Modal
DA:1,1
DA:2,1
DA:3,1
DA:4,1
DA:5,1
DA:6,1
DA:7,1
DA:8,1
DA:9,1
DA:10,1
DA:11,1
DA:12,1
DA:13,1
DA:14,1
DA:15,1
DA:16,1
DA:17,1
DA:18,1
DA:19,1
DA:20,1
DA:21,1
DA:22,1
LF:22
LH:22
BRDA:22,0,0,1
BRDA:22,1,0,1
BRDA:22,2,0,2
BRDA:22,3,0,1
BRDA:22,4,0,1
BRDA:22,5,0,3
BRDA:22,6,0,0
BRDA:22,7,0,0
BRDA:22,8,0,3
BRDA:22,9,0,0
BRDA:22,10,0,6
BRDA:22,11,0,3
BRDA:8,12,0,3
BRF:13
BRH:10
end_of_record
TN:
SF:src\components\Overlay\Overlay.jsx
FN:11,Object.<anonymous>
FN:11,_interopRequireDefault
FN:5,Overlay
FNF:3
FNH:3
FNDA:1,Object.<anonymous>
FNDA:1,_interopRequireDefault
FNDA:3,Overlay
DA:1,1
DA:2,1
DA:3,1
DA:4,1
DA:5,1
DA:6,1
DA:7,1
DA:8,1
DA:9,1
DA:10,1
DA:11,1
LF:11
LH:11
BRDA:11,0,0,1
BRDA:11,1,0,1
BRDA:11,2,0,1
BRDA:11,3,0,0
BRDA:5,4,0,3
BRF:5
BRH:4
end_of_record
TN:
SF:src\containers\Home\AddMovieModal.jsx
FN:39,Object.<anonymous>
FN:39,_typeof
FN:39,_typeof
FN:39,_typeof
FN:39,_interopRequireDefault
FN:39,_getRequireWildcardCache
FN:39,_getRequireWildcardCache
FN:39,_interopRequireWildcard
FN:13,AddMovieModal
FN:17,handleSubmit
FN:30,mapStateToProps
FNF:11
FNH:8
FNDA:1,Object.<anonymous>
FNDA:1,_typeof
FNDA:1,_typeof
FNDA:0,_typeof
FNDA:2,_interopRequireDefault
FNDA:1,_getRequireWildcardCache
FNDA:0,_getRequireWildcardCache
FNDA:3,_interopRequireWildcard
FNDA:3,AddMovieModal
FNDA:1,handleSubmit
FNDA:0,mapStateToProps
DA:1,1
DA:2,1
DA:3,1
DA:4,1
DA:5,1
DA:6,1
DA:7,1
DA:8,1
DA:9,1
DA:10,1
DA:11,1
DA:12,1
DA:13,1
DA:14,1
DA:15,1
DA:16,1
DA:17,1
DA:18,1
DA:19,1
DA:20,1
DA:21,1
DA:22,1
DA:23,1
DA:24,1
DA:25,1
DA:26,1
DA:27,1
DA:28,1
DA:29,1
DA:30,1
DA:31,1
DA:32,1
DA:33,1
DA:34,1
DA:35,1
DA:36,1
DA:37,1
DA:38,1
DA:39,1
LF:39
LH:39
BRDA:39,0,0,1
BRDA:39,1,0,1
BRDA:39,2,0,1
BRDA:39,3,0,0
BRDA:39,4,0,1
BRDA:39,5,0,2
BRDA:39,6,0,0
BRDA:39,7,0,1
BRDA:39,8,0,0
BRDA:39,9,0,3
BRDA:39,10,0,2
BRDA:39,11,0,1
BRDA:39,12,0,0
BRDA:39,13,0,0
BRDA:39,14,0,1
BRDA:39,15,0,0
BRDA:39,16,0,1
BRDA:39,17,0,28
BRDA:39,18,0,0
BRDA:39,19,0,0
BRDA:39,20,0,1
BRDA:13,21,0,3
BRDA:17,22,0,1
BRF:23
BRH:15
end_of_record
TN:
SF:src\containers\Home\MovieForm.jsx
FN:91,Object.<anonymous>
FN:91,_typeof
FN:91,_typeof
FN:91,_typeof
FN:91,_interopRequireDefault
FN:91,_getRequireWildcardCache
FN:91,_getRequireWildcardCache
FN:91,_interopRequireWildcard
FN:91,ownKeys
FN:91,_objectSpread
FN:91,_defineProperty
FN:91,_extends
FN:91,_extends
FN:91,_slicedToArray
FN:91,_nonIterableRest
FN:91,_unsupportedIterableToArray
FN:91,_arrayLikeToArray
FN:91,_iterableToArrayLimit
FN:91,_arrayWithHoles
FN:91,_objectWithoutProperties
FN:91,_objectWithoutPropertiesLoose
FN:14,FormInput
FN:34,MovieForm
FN:56,onSubmit
FNF:24
FNH:17
FNDA:1,Object.<anonymous>
FNDA:1,_typeof
FNDA:1,_typeof
FNDA:0,_typeof
FNDA:3,_interopRequireDefault
FNDA:1,_getRequireWildcardCache
FNDA:0,_getRequireWildcardCache
FNDA:2,_interopRequireWildcard
FNDA:8,ownKeys
FNDA:8,_objectSpread
FNDA:6,_defineProperty
FNDA:1,_extends
FNDA:0,_extends
FNDA:486,_slicedToArray
FNDA:0,_nonIterableRest
FNDA:0,_unsupportedIterableToArray
FNDA:0,_arrayLikeToArray
FNDA:0,_iterableToArrayLimit
FNDA:486,_arrayWithHoles
FNDA:486,_objectWithoutProperties
FNDA:486,_objectWithoutPropertiesLoose
FNDA:486,FormInput
FNDA:3,MovieForm
FNDA:1,onSubmit
DA:1,1
DA:2,1
DA:3,1
DA:4,1
DA:5,1
DA:6,1
DA:7,1
DA:8,1
DA:9,1
DA:10,1
DA:11,1
DA:12,1
DA:13,1
DA:14,1
DA:15,1
DA:16,1
DA:17,1
DA:18,1
DA:19,1
DA:20,1
DA:21,1
DA:22,1
DA:23,1
DA:24,1
DA:25,473
DA:26,473
DA:27,473
DA:28,473
DA:29,1
DA:30,1
DA:31,1
DA:32,1
DA:33,1
DA:34,1
DA:35,1
DA:36,1
DA:37,1
DA:38,1
DA:39,1
DA:40,1
DA:41,1
DA:42,1
DA:43,1
DA:44,1
DA:45,1
DA:46,1
DA:47,1
DA:48,1
DA:49,1
DA:50,1
DA:51,18
DA:52,18
DA:53,1
DA:54,1
DA:55,1
DA:56,1
DA:57,1
DA:58,1
DA:59,1
DA:60,1
DA:61,1
DA:62,1
DA:63,1
DA:64,1
DA:65,1
DA:66,1
DA:67,1
DA:68,1
DA:69,1
DA:70,1
DA:71,1
DA:72,1
DA:73,1
DA:74,1
DA:75,1
DA:76,1
DA:77,1
DA:78,1
DA:79,1
DA:80,1
DA:81,1
DA:82,1
DA:83,1
DA:84,1
DA:85,1
DA:86,1
DA:87,1
DA:88,1
DA:89,1
DA:90,1
DA:91,1
LF:91
LH:91
BRDA:91,0,0,1
BRDA:91,1,0,1
BRDA:91,2,0,1
BRDA:91,3,0,0
BRDA:91,4,0,1
BRDA:91,5,0,3
BRDA:91,6,0,2
BRDA:91,7,0,1
BRDA:91,8,0,1
BRDA:91,9,0,0
BRDA:91,10,0,2
BRDA:91,11,0,1
BRDA:91,12,0,0
BRDA:91,13,0,0
BRDA:91,14,0,1
BRDA:91,15,0,0
BRDA:91,16,0,1
BRDA:91,17,0,28
BRDA:91,18,0,0
BRDA:91,19,0,0
BRDA:91,20,0,1
BRDA:91,21,0,8
BRDA:91,22,0,8
BRDA:91,23,0,12
BRDA:91,24,0,9
BRDA:91,25,0,3
BRDA:91,26,0,8
BRDA:91,27,0,4
BRDA:91,28,0,0
BRDA:91,29,0,6
BRDA:91,30,0,6
BRDA:91,31,0,0
BRDA:91,32,0,1
BRDA:91,33,0,0
BRDA:91,34,0,486
BRDA:91,35,0,0
BRDA:91,36,0,0
BRDA:91,37,0,0
BRDA:91,38,0,486
BRDA:91,39,0,486
BRDA:91,40,0,0
BRDA:91,41,0,0
BRDA:91,42,0,486
BRDA:91,43,0,0
BRDA:91,44,0,1458
BRDA:91,45,0,486
BRDA:91,46,0,972
BRDA:14,47,0,486
BRDA:24,48,0,213
BRDA:24,49,0,13
BRDA:24,50,0,473
BRDA:34,51,0,3
BRDA:43,52,0,0
BRDA:50,53,0,18
BRDA:51,54,0,0
BRDA:52,55,0,31
BRDA:56,56,0,1
BRDA:59,57,0,2
BRDA:65,58,0,87
BRDA:67,59,0,0
BRDA:67,60,0,0
BRF:61
BRH:41
end_of_record
TN:
SF:src\propTypes\index.js
FN:2,Object.<anonymous>
FN:1,get
FN:2,get
FNF:3
FNH:3
FNDA:1,Object.<anonymous>
FNDA:1,get
FNDA:1,get
DA:1,1
DA:2,1
LF:2
LH:2
BRDA:2,0,0,1
BRDA:2,1,0,1
BRDA:1,2,0,1
BRDA:1,3,0,0
BRDA:1,4,0,1
BRDA:2,5,0,1
BRDA:2,6,0,0
BRDA:2,7,0,1
BRF:8
BRH:6
end_of_record
TN:
SF:src\propTypes\movie.js
FN:8,Object.<anonymous>
FN:8,_interopRequireDefault
FN:8,ownKeys
FN:8,_objectSpread
FN:8,_defineProperty
FNF:5
FNH:4
FNDA:1,Object.<anonymous>
FNDA:1,_interopRequireDefault
FNDA:2,ownKeys
FNDA:2,_objectSpread
FNDA:0,_defineProperty
DA:1,1
DA:2,1
DA:3,1
DA:4,1
DA:5,1
DA:6,1
DA:7,1
DA:8,1
LF:8
LH:8
BRDA:8,0,0,1
BRDA:8,1,0,1
BRDA:8,2,0,1
BRDA:8,3,0,0
BRDA:8,4,0,2
BRDA:8,5,0,2
BRDA:8,6,0,3
BRDA:8,7,0,2
BRDA:8,8,0,1
BRDA:8,9,0,2
BRDA:8,10,0,1
BRDA:8,11,0,0
BRF:12
BRH:10
end_of_record
TN:
SF:src\propTypes\movieBase.js
FN:16,Object.<anonymous>
FN:16,_interopRequireDefault
FNF:2
FNH:2
FNDA:1,Object.<anonymous>
FNDA:1,_interopRequireDefault
DA:1,1
DA:2,1
DA:3,1
DA:4,1
DA:5,1
DA:6,1
DA:7,1
DA:8,1
DA:9,1
DA:10,1
DA:11,1
DA:12,1
DA:13,1
DA:14,1
DA:15,1
DA:16,1
LF:16
LH:16
BRDA:16,0,0,1
BRDA:16,1,0,1
BRDA:16,2,0,1
BRDA:16,3,0,0
BRF:4
BRH:3
end_of_record
TN:
SF:src\store\actions\movies.js
FN:85,Object.<anonymous>
FN:17,getMovies
FN:22,getMoviesSuccess
FN:27,getMoviesError
FN:32,setFilterByGenre
FN:37,addMovie
FN:42,addMovieSuccess
FN:47,addMovieError
FN:52,updateMovie
FN:57,updateMovieSuccess
FN:62,updateMovieError
FN:67,deleteMovie
FN:72,deleteMovieSuccess
FN:77,deleteMovieError
FN:82,setSorting
FNF:15
FNH:9
FNDA:2,Object.<anonymous>
FNDA:1,getMovies
FNDA:1,getMoviesSuccess
FNDA:1,getMoviesError
FNDA:1,setFilterByGenre
FNDA:0,addMovie
FNDA:1,addMovieSuccess
FNDA:0,addMovieError
FNDA:0,updateMovie
FNDA:1,updateMovieSuccess
FNDA:0,updateMovieError
FNDA:0,deleteMovie
FNDA:1,deleteMovieSuccess
FNDA:0,deleteMovieError
FNDA:1,setSorting
DA:1,1
DA:2,1
DA:3,1
DA:4,1
DA:5,1
DA:6,1
DA:7,1
DA:8,1
DA:9,1
DA:10,1
DA:11,1
DA:12,1
DA:13,1
DA:14,1
DA:15,1
DA:16,1
DA:17,1
DA:18,1
DA:19,1
DA:20,1
DA:21,1
DA:22,1
DA:23,1
DA:24,1
DA:25,1
DA:26,1
DA:27,1
DA:28,1
DA:29,1
DA:30,1
DA:31,1
DA:32,1
DA:33,1
DA:34,1
DA:35,1
DA:36,1
DA:37,1
DA:38,1
DA:39,1
DA:40,1
DA:41,1
DA:42,1
DA:43,1
DA:44,1
DA:45,1
DA:46,1
DA:47,1
DA:48,1
DA:49,1
DA:50,1
DA:51,1
DA:52,1
DA:53,1
DA:54,1
DA:55,1
DA:56,1
DA:57,1
DA:58,1
DA:59,1
DA:60,1
DA:61,1
DA:62,1
DA:63,1
DA:64,1
DA:65,1
DA:66,1
DA:67,1
DA:68,1
DA:69,1
DA:70,1
DA:71,1
DA:72,1
DA:73,1
DA:74,1
DA:75,1
DA:76,1
DA:77,1
DA:78,1
DA:79,1
DA:80,1
DA:81,1
DA:82,1
DA:83,1
DA:84,1
DA:85,1
LF:85
LH:85
BRDA:85,0,0,2
BRDA:85,1,0,2
BRDA:17,2,0,1
BRDA:22,3,0,1
BRDA:27,4,0,1
BRDA:32,5,0,1
BRDA:42,6,0,1
BRDA:57,7,0,1
BRDA:72,8,0,1
BRDA:82,9,0,1
BRF:10
BRH:10
end_of_record
TN:
SF:src\store\reducers\movies.js
FN:80,Object.<anonymous>
FN:80,_typeof
FN:80,_getRequireWildcardCache
FN:80,_interopRequireWildcard
FN:80,_toConsumableArray
FN:80,_nonIterableSpread
FN:80,_unsupportedIterableToArray
FN:80,_iterableToArray
FN:80,_arrayWithoutHoles
FN:80,_arrayLikeToArray
FN:80,ownKeys
FN:80,_objectSpread
FN:80,_defineProperty
FN:13,reducer
FNF:14
FNH:9
FNDA:1,Object.<anonymous>
FNDA:0,_typeof
FNDA:0,_getRequireWildcardCache
FNDA:1,_interopRequireWildcard
FNDA:5,_toConsumableArray
FNDA:0,_nonIterableSpread
FNDA:0,_unsupportedIterableToArray
FNDA:0,_iterableToArray
FNDA:5,_arrayWithoutHoles
FNDA:5,_arrayLikeToArray
FNDA:16,ownKeys
FNDA:16,_objectSpread
FNDA:24,_defineProperty
FNDA:10,reducer
DA:1,1
DA:2,1
DA:3,1
DA:4,1
DA:5,1
DA:6,1
DA:7,1
DA:8,1
DA:9,1
DA:10,1
DA:11,1
DA:12,1
DA:13,1
DA:14,1
DA:15,1
DA:16,1
DA:17,1
DA:18,1
DA:19,1
DA:20,1
DA:21,1
DA:22,1
DA:23,1
DA:24,1
DA:25,1
DA:26,1
DA:27,1
DA:28,1
DA:29,1
DA:30,1
DA:31,1
DA:32,1
DA:33,1
DA:34,1
DA:35,1
DA:36,1
DA:37,1
DA:38,1
DA:39,1
DA:40,1
DA:41,1
DA:42,1
DA:43,1
DA:44,1
DA:45,1
DA:46,1
DA:47,1
DA:48,1
DA:49,1
DA:50,1
DA:51,1
DA:52,1
DA:53,1
DA:54,1
DA:55,1
DA:56,1
DA:57,1
DA:58,1
DA:59,1
DA:60,1
DA:61,1
DA:62,1
DA:63,1
DA:64,1
DA:65,1
DA:66,1
DA:67,1
DA:68,1
DA:69,1
DA:70,1
DA:71,1
DA:72,1
DA:73,1
DA:74,1
DA:75,1
DA:76,1
DA:77,1
DA:78,1
DA:79,1
DA:80,1
LF:80
LH:80
BRDA:80,0,0,1
BRDA:80,1,0,1
BRDA:80,2,0,1
BRDA:80,3,0,0
BRDA:80,4,0,0
BRDA:80,5,0,0
BRDA:80,6,0,0
BRDA:80,7,0,5
BRDA:80,8,0,0
BRDA:80,9,0,0
BRDA:80,10,0,0
BRDA:80,11,0,5
BRDA:80,12,0,5
BRDA:80,13,0,0
BRDA:80,14,0,1
BRDA:80,15,0,16
BRDA:80,16,0,16
BRDA:80,17,0,24
BRDA:80,18,0,0
BRDA:80,19,0,16
BRDA:80,20,0,8
BRDA:80,21,0,0
BRDA:80,22,0,24
BRDA:80,23,0,24
BRDA:80,24,0,0
BRDA:13,25,0,10
BRDA:13,26,0,9
BRDA:13,27,0,1
BRDA:13,28,0,0
BRDA:15,29,0,1
BRDA:20,30,0,1
BRDA:27,31,0,1
BRDA:34,32,0,1
BRDA:40,33,0,1
BRDA:48,34,0,1
BRDA:59,35,0,1
BRDA:70,36,0,1
BRDA:75,37,0,2
BRDA:49,38,0,1
BRDA:61,39,0,1
BRF:40
BRH:28
end_of_record
TN:
SF:src\store\selectors\movies.js
FN:61,Object.<anonymous>
FN:61,_toConsumableArray
FN:61,_nonIterableSpread
FN:61,_iterableToArray
FN:61,_arrayWithoutHoles
FN:61,_createForOfIteratorHelper
FN:61,_unsupportedIterableToArray
FN:61,_arrayLikeToArray
FN:4,moviesState
FN:24,selectedMovieId
FN:50,getSortPredicate
FNF:11
FNH:1
FNDA:1,Object.<anonymous>
FNDA:0,_toConsumableArray
FNDA:0,_nonIterableSpread
FNDA:0,_iterableToArray
FNDA:0,_arrayWithoutHoles
FNDA:0,_createForOfIteratorHelper
FNDA:0,_unsupportedIterableToArray
FNDA:0,_arrayLikeToArray
FNDA:0,moviesState
FNDA:0,selectedMovieId
FNDA:0,getSortPredicate
DA:1,1
DA:2,1
DA:3,1
DA:4,1
DA:5,1
DA:6,1
DA:7,1
DA:8,1
DA:9,1
DA:10,1
DA:11,1
DA:12,1
DA:13,1
DA:14,1
DA:15,1
DA:16,1
DA:17,1
DA:18,1
DA:19,1
DA:20,1
DA:21,1
DA:22,1
DA:23,1
DA:24,1
DA:25,1
DA:26,1
DA:27,1
DA:28,1
DA:29,1
DA:30,1
DA:31,1
DA:32,1
DA:33,1
DA:34,1
DA:35,1
DA:36,1
DA:37,1
DA:38,1
DA:39,1
DA:40,1
DA:41,1
DA:42,1
DA:43,1
DA:44,1
DA:45,1
DA:46,1
DA:47,1
DA:48,1
DA:49,1
DA:50,0
DA:51,0
DA:52,0
DA:53,0
DA:54,0
DA:55,0
DA:56,0
DA:57,0
DA:58,0
DA:59,0
DA:60,0
DA:61,0
LF:61
LH:49
BRDA:61,0,0,1
BRDA:61,1,0,1
BRF:2
BRH:2
end_of_record
TN:
SF:src\utils\utils.js
FN:4,Object.<anonymous>
FN:2,classNames
FNF:2
FNH:2
FNDA:1,Object.<anonymous>
FNDA:648,classNames
DA:1,1
DA:2,1
DA:3,648
DA:4,648
LF:4
LH:4
BRDA:4,0,0,1
BRDA:4,1,0,1
BRDA:2,2,0,648
BRDA:2,3,0,1458
BRF:4
BRH:4
end_of_record
