TN:
SF:src\store\actions\movies.js
FN:91,Object.<anonymous>
FN:18,getMovies
FN:23,getMoviesSuccess
FN:28,getMoviesError
FN:33,setFilterByGenre
FN:38,addMovie
FN:43,addMovieSuccess
FN:48,addMovieError
FN:53,updateMovie
FN:58,updateMovieSuccess
FN:63,updateMovieError
FN:68,deleteMovie
FN:73,deleteMovieSuccess
FN:78,deleteMovieError
FN:83,setSorting
FN:88,setSelectedMovie
FNF:16
FNH:1
FNDA:1,Object.<anonymous>
FNDA:0,getMovies
FNDA:0,getMoviesSuccess
FNDA:0,getMoviesError
FNDA:0,setFilterByGenre
FNDA:0,addMovie
FNDA:0,addMovieSuccess
FNDA:0,addMovieError
FNDA:0,updateMovie
FNDA:0,updateMovieSuccess
FNDA:0,updateMovieError
FNDA:0,deleteMovie
FNDA:0,deleteMovieSuccess
FNDA:0,deleteMovieError
FNDA:0,setSorting
FNDA:0,setSelectedMovie
DA:1,1
DA:2,1
DA:3,1
DA:4,1
DA:5,1
DA:6,1
DA:7,1
DA:8,1
DA:9,1
DA:10,1
DA:11,1
DA:12,1
DA:13,1
DA:14,1
DA:15,1
DA:16,1
DA:17,1
DA:18,1
DA:19,1
DA:20,1
DA:21,1
DA:22,1
DA:23,1
DA:24,1
DA:25,1
DA:26,1
DA:27,1
DA:28,1
DA:29,1
DA:30,1
DA:31,1
DA:32,1
DA:33,1
DA:34,1
DA:35,1
DA:36,1
DA:37,1
DA:38,1
DA:39,1
DA:40,1
DA:41,1
DA:42,1
DA:43,1
DA:44,1
DA:45,1
DA:46,1
DA:47,1
DA:48,1
DA:49,1
DA:50,1
DA:51,1
DA:52,1
DA:53,1
DA:54,1
DA:55,1
DA:56,1
DA:57,1
DA:58,1
DA:59,1
DA:60,1
DA:61,1
DA:62,1
DA:63,1
DA:64,1
DA:65,1
DA:66,1
DA:67,1
DA:68,1
DA:69,1
DA:70,1
DA:71,1
DA:72,1
DA:73,1
DA:74,1
DA:75,1
DA:76,1
DA:77,1
DA:78,1
DA:79,1
DA:80,1
DA:81,1
DA:82,1
DA:83,1
DA:84,1
DA:85,1
DA:86,1
DA:87,1
DA:88,1
DA:89,1
DA:90,1
DA:91,1
LF:91
LH:91
BRDA:91,0,0,1
BRDA:91,1,0,1
BRF:2
BRH:2
end_of_record
TN:
SF:src\store\reducers\movies.js
FN:85,Object.<anonymous>
FN:85,_typeof
FN:85,_getRequireWildcardCache
FN:85,_interopRequireWildcard
FN:85,_toConsumableArray
FN:85,_nonIterableSpread
FN:85,_unsupportedIterableToArray
FN:85,_iterableToArray
FN:85,_arrayWithoutHoles
FN:85,_arrayLikeToArray
FN:85,ownKeys
FN:85,_objectSpread
FN:85,_defineProperty
FN:13,reducer
FNF:14
FNH:3
FNDA:1,Object.<anonymous>
FNDA:0,_typeof
FNDA:0,_getRequireWildcardCache
FNDA:1,_interopRequireWildcard
FNDA:0,_toConsumableArray
FNDA:0,_nonIterableSpread
FNDA:0,_unsupportedIterableToArray
FNDA:0,_iterableToArray
FNDA:0,_arrayWithoutHoles
FNDA:0,_arrayLikeToArray
FNDA:0,ownKeys
FNDA:0,_objectSpread
FNDA:0,_defineProperty
FNDA:2,reducer
DA:1,1
DA:2,1
DA:3,1
DA:4,1
DA:5,1
DA:6,1
DA:7,1
DA:8,1
DA:9,1
DA:10,1
DA:11,1
DA:12,1
DA:13,1
DA:14,1
DA:15,1
DA:16,0
DA:17,1
DA:18,1
DA:19,1
DA:20,1
DA:21,0
DA:22,1
DA:23,1
DA:24,1
DA:25,1
DA:26,0
DA:27,0
DA:28,1
DA:29,1
DA:30,1
DA:31,1
DA:32,1
DA:33,0
DA:34,0
DA:35,1
DA:36,1
DA:37,1
DA:38,1
DA:39,1
DA:40,0
DA:41,0
DA:42,1
DA:43,1
DA:44,1
DA:45,1
DA:46,0
DA:47,1
DA:48,1
DA:49,1
DA:50,1
DA:51,1
DA:52,1
DA:53,1
DA:54,0
DA:55,0
DA:56,0
DA:57,1
DA:58,1
DA:59,1
DA:60,1
DA:61,1
DA:62,1
DA:63,1
DA:64,1
DA:65,0
DA:66,0
DA:67,0
DA:68,0
DA:69,1
DA:70,1
DA:71,1
DA:72,1
DA:73,1
DA:74,1
DA:75,1
DA:76,0
DA:77,1
DA:78,1
DA:79,1
DA:80,1
DA:81,1
DA:82,1
DA:83,1
DA:84,1
DA:85,1
LF:85
LH:68
BRDA:85,0,0,1
BRDA:85,1,0,1
BRDA:85,2,0,1
BRDA:85,3,0,0
BRDA:85,4,0,0
BRDA:85,5,0,0
BRDA:85,6,0,0
BRDA:13,7,0,2
BRDA:13,8,0,1
BRDA:13,9,0,1
BRDA:13,10,0,0
BRDA:15,11,0,0
BRDA:20,12,0,0
BRDA:25,13,0,0
BRDA:32,14,0,0
BRDA:39,15,0,0
BRDA:45,16,0,0
BRDA:53,17,0,0
BRDA:64,18,0,0
BRDA:75,19,0,0
BRF:20
BRH:6
end_of_record
